
*** Running vivado
    with args -log top_vga_basys3.vds -m64 -product Vivado -mode batch -messageDb vivado.pb -notrace -source top_vga_basys3.tcl


****** Vivado v2021.2 (64-bit)
  **** SW Build 3367213 on Tue Oct 19 02:47:39 MDT 2021
  **** IP Build 3369179 on Thu Oct 21 08:25:16 MDT 2021
    ** Copyright 1986-2021 Xilinx, Inc. All Rights Reserved.

source top_vga_basys3.tcl -notrace
Command: synth_design -top top_vga_basys3 -part xc7a35tcpg236-1
Starting synth_design
Attempting to get a license for feature 'Synthesis' and/or device 'xc7a35t'
INFO: [Common 17-349] Got license for feature 'Synthesis' and/or device 'xc7a35t'
INFO: [Device 21-403] Loading part xc7a35tcpg236-1
INFO: [Synth 8-7079] Multithreading enabled for synth_design using a maximum of 4 processes.
INFO: [Synth 8-7078] Launching helper process for spawning children vivado processes
INFO: [Synth 8-7075] Helper process launched with PID 32175
---------------------------------------------------------------------------------
Starting RTL Elaboration : Time (s): cpu = 00:00:03 ; elapsed = 00:00:03 . Memory (MB): peak = 2717.816 ; gain = 0.000 ; free physical = 431 ; free virtual = 11525
---------------------------------------------------------------------------------
INFO: [Synth 8-6157] synthesizing module 'top_vga_basys3' [/home/student/bzadlo/waurn/13_07_na_gita/lab5/uec2_lab1_2023/fpga/rtl/top_vga_basys3.sv:17]
INFO: [Synth 8-6157] synthesizing module 'clk_wiz_0' [/home/student/bzadlo/waurn/13_07_na_gita/lab5/uec2_lab1_2023/fpga/rtl/clk_wiz_0.v:71]
INFO: [Synth 8-6157] synthesizing module 'clk_wiz_0_clk_wiz' [/home/student/bzadlo/waurn/13_07_na_gita/lab5/uec2_lab1_2023/fpga/rtl/clk_wiz_0_clk_wiz.v:69]
INFO: [Synth 8-6157] synthesizing module 'IBUF' [/home_local/Xilinx/Vivado/2021.2/scripts/rt/data/unisim_comp.v:55204]
INFO: [Synth 8-6155] done synthesizing module 'IBUF' (1#1) [/home_local/Xilinx/Vivado/2021.2/scripts/rt/data/unisim_comp.v:55204]
INFO: [Synth 8-6157] synthesizing module 'MMCME2_ADV' [/home_local/Xilinx/Vivado/2021.2/scripts/rt/data/unisim_comp.v:63510]
	Parameter BANDWIDTH bound to: OPTIMIZED - type: string 
	Parameter CLKFBOUT_MULT_F bound to: 10.000000 - type: double 
	Parameter CLKFBOUT_PHASE bound to: 0.000000 - type: double 
	Parameter CLKFBOUT_USE_FINE_PS bound to: FALSE - type: string 
	Parameter CLKIN1_PERIOD bound to: 10.000000 - type: double 
	Parameter CLKOUT0_DIVIDE_F bound to: 10.000000 - type: double 
	Parameter CLKOUT0_DUTY_CYCLE bound to: 0.500000 - type: double 
	Parameter CLKOUT0_PHASE bound to: 0.000000 - type: double 
	Parameter CLKOUT0_USE_FINE_PS bound to: FALSE - type: string 
	Parameter CLKOUT1_DIVIDE bound to: 25 - type: integer 
	Parameter CLKOUT1_DUTY_CYCLE bound to: 0.500000 - type: double 
	Parameter CLKOUT1_PHASE bound to: 0.000000 - type: double 
	Parameter CLKOUT1_USE_FINE_PS bound to: FALSE - type: string 
	Parameter CLKOUT4_CASCADE bound to: FALSE - type: string 
	Parameter COMPENSATION bound to: ZHOLD - type: string 
	Parameter DIVCLK_DIVIDE bound to: 1 - type: integer 
	Parameter STARTUP_WAIT bound to: FALSE - type: string 
INFO: [Synth 8-6155] done synthesizing module 'MMCME2_ADV' (2#1) [/home_local/Xilinx/Vivado/2021.2/scripts/rt/data/unisim_comp.v:63510]
INFO: [Synth 8-6157] synthesizing module 'BUFG' [/home_local/Xilinx/Vivado/2021.2/scripts/rt/data/unisim_comp.v:1083]
INFO: [Synth 8-6155] done synthesizing module 'BUFG' (3#1) [/home_local/Xilinx/Vivado/2021.2/scripts/rt/data/unisim_comp.v:1083]
INFO: [Synth 8-6157] synthesizing module 'BUFGCE' [/home_local/Xilinx/Vivado/2021.2/scripts/rt/data/unisim_comp.v:1093]
INFO: [Synth 8-6155] done synthesizing module 'BUFGCE' (4#1) [/home_local/Xilinx/Vivado/2021.2/scripts/rt/data/unisim_comp.v:1093]
INFO: [Synth 8-6157] synthesizing module 'BUFH' [/home_local/Xilinx/Vivado/2021.2/scripts/rt/data/unisim_comp.v:1319]
INFO: [Synth 8-6155] done synthesizing module 'BUFH' (5#1) [/home_local/Xilinx/Vivado/2021.2/scripts/rt/data/unisim_comp.v:1319]
INFO: [Synth 8-6155] done synthesizing module 'clk_wiz_0_clk_wiz' (6#1) [/home/student/bzadlo/waurn/13_07_na_gita/lab5/uec2_lab1_2023/fpga/rtl/clk_wiz_0_clk_wiz.v:69]
INFO: [Synth 8-6155] done synthesizing module 'clk_wiz_0' (7#1) [/home/student/bzadlo/waurn/13_07_na_gita/lab5/uec2_lab1_2023/fpga/rtl/clk_wiz_0.v:71]
INFO: [Synth 8-6157] synthesizing module 'ODDR' [/home_local/Xilinx/Vivado/2021.2/scripts/rt/data/unisim_comp.v:74749]
INFO: [Synth 8-6155] done synthesizing module 'ODDR' (8#1) [/home_local/Xilinx/Vivado/2021.2/scripts/rt/data/unisim_comp.v:74749]
INFO: [Synth 8-6157] synthesizing module 'top_vga' [/home/student/bzadlo/waurn/13_07_na_gita/lab5/uec2_lab1_2023/rtl/top_vga.sv:17]
INFO: [Synth 8-6157] synthesizing module 'vga_if' [/home/student/bzadlo/waurn/13_07_na_gita/lab5/uec2_lab1_2023/rtl/vga_if.sv:14]
INFO: [Synth 8-6155] done synthesizing module 'vga_if' (8#1) [/home/student/bzadlo/waurn/13_07_na_gita/lab5/uec2_lab1_2023/rtl/vga_if.sv:14]
INFO: [Synth 8-6157] synthesizing module 'vga_if' [/home/student/bzadlo/waurn/13_07_na_gita/lab5/uec2_lab1_2023/rtl/vga_if.sv:14]
INFO: [Synth 8-6155] done synthesizing module 'vga_if' (8#1) [/home/student/bzadlo/waurn/13_07_na_gita/lab5/uec2_lab1_2023/rtl/vga_if.sv:14]
INFO: [Synth 8-6157] synthesizing module 'vga_if' [/home/student/bzadlo/waurn/13_07_na_gita/lab5/uec2_lab1_2023/rtl/vga_if.sv:14]
INFO: [Synth 8-6155] done synthesizing module 'vga_if' (8#1) [/home/student/bzadlo/waurn/13_07_na_gita/lab5/uec2_lab1_2023/rtl/vga_if.sv:14]
INFO: [Synth 8-6157] synthesizing module 'vga_if' [/home/student/bzadlo/waurn/13_07_na_gita/lab5/uec2_lab1_2023/rtl/vga_if.sv:14]
INFO: [Synth 8-6155] done synthesizing module 'vga_if' (8#1) [/home/student/bzadlo/waurn/13_07_na_gita/lab5/uec2_lab1_2023/rtl/vga_if.sv:14]
INFO: [Synth 8-6157] synthesizing module 'vga_if' [/home/student/bzadlo/waurn/13_07_na_gita/lab5/uec2_lab1_2023/rtl/vga_if.sv:14]
INFO: [Synth 8-6155] done synthesizing module 'vga_if' (8#1) [/home/student/bzadlo/waurn/13_07_na_gita/lab5/uec2_lab1_2023/rtl/vga_if.sv:14]
INFO: [Synth 8-6157] synthesizing module 'vga_timing' [/home/student/bzadlo/waurn/13_07_na_gita/lab5/uec2_lab1_2023/rtl/vga_timing.sv:12]
INFO: [Synth 8-6155] done synthesizing module 'vga_timing' (9#1) [/home/student/bzadlo/waurn/13_07_na_gita/lab5/uec2_lab1_2023/rtl/vga_timing.sv:12]
INFO: [Synth 8-6157] synthesizing module 'draw_bg' [/home/student/bzadlo/waurn/13_07_na_gita/lab5/uec2_lab1_2023/rtl/draw_bg.sv:14]
INFO: [Synth 8-6155] done synthesizing module 'draw_bg' (10#1) [/home/student/bzadlo/waurn/13_07_na_gita/lab5/uec2_lab1_2023/rtl/draw_bg.sv:14]
INFO: [Synth 8-638] synthesizing module 'MouseCtl' [/home/student/bzadlo/waurn/13_07_na_gita/lab5/uec2_lab1_2023/rtl/MouseCtl.vhd:207]
INFO: [Synth 8-3491] module 'Ps2Interface' declared at '/home/student/bzadlo/waurn/13_07_na_gita/lab5/uec2_lab1_2023/fpga/rtl/Ps2Interface.vhd:152' bound to instance 'Inst_Ps2Interface' of component 'Ps2Interface' [/home/student/bzadlo/waurn/13_07_na_gita/lab5/uec2_lab1_2023/rtl/MouseCtl.vhd:369]
INFO: [Synth 8-638] synthesizing module 'Ps2Interface' [/home/student/bzadlo/waurn/13_07_na_gita/lab5/uec2_lab1_2023/fpga/rtl/Ps2Interface.vhd:180]
INFO: [Synth 8-256] done synthesizing module 'Ps2Interface' (11#1) [/home/student/bzadlo/waurn/13_07_na_gita/lab5/uec2_lab1_2023/fpga/rtl/Ps2Interface.vhd:180]
WARNING: [Synth 8-6014] Unused sequential element set_x.inc_reg was removed.  [/home/student/bzadlo/waurn/13_07_na_gita/lab5/uec2_lab1_2023/rtl/MouseCtl.vhd:450]
WARNING: [Synth 8-6014] Unused sequential element set_x.x_inter_reg was removed.  [/home/student/bzadlo/waurn/13_07_na_gita/lab5/uec2_lab1_2023/rtl/MouseCtl.vhd:456]
WARNING: [Synth 8-6014] Unused sequential element set_y.inc_reg was removed.  [/home/student/bzadlo/waurn/13_07_na_gita/lab5/uec2_lab1_2023/rtl/MouseCtl.vhd:514]
WARNING: [Synth 8-6014] Unused sequential element set_y.y_inter_reg was removed.  [/home/student/bzadlo/waurn/13_07_na_gita/lab5/uec2_lab1_2023/rtl/MouseCtl.vhd:520]
INFO: [Synth 8-256] done synthesizing module 'MouseCtl' (12#1) [/home/student/bzadlo/waurn/13_07_na_gita/lab5/uec2_lab1_2023/rtl/MouseCtl.vhd:207]
WARNING: [Synth 8-7071] port 'zpos' of module 'MouseCtl' is unconnected for instance 'u_MouseCtl' [/home/student/bzadlo/waurn/13_07_na_gita/lab5/uec2_lab1_2023/rtl/top_vga.sv:84]
WARNING: [Synth 8-7071] port 'middle' of module 'MouseCtl' is unconnected for instance 'u_MouseCtl' [/home/student/bzadlo/waurn/13_07_na_gita/lab5/uec2_lab1_2023/rtl/top_vga.sv:84]
WARNING: [Synth 8-7071] port 'new_event' of module 'MouseCtl' is unconnected for instance 'u_MouseCtl' [/home/student/bzadlo/waurn/13_07_na_gita/lab5/uec2_lab1_2023/rtl/top_vga.sv:84]
WARNING: [Synth 8-7071] port 'value' of module 'MouseCtl' is unconnected for instance 'u_MouseCtl' [/home/student/bzadlo/waurn/13_07_na_gita/lab5/uec2_lab1_2023/rtl/top_vga.sv:84]
WARNING: [Synth 8-7071] port 'setx' of module 'MouseCtl' is unconnected for instance 'u_MouseCtl' [/home/student/bzadlo/waurn/13_07_na_gita/lab5/uec2_lab1_2023/rtl/top_vga.sv:84]
WARNING: [Synth 8-7071] port 'sety' of module 'MouseCtl' is unconnected for instance 'u_MouseCtl' [/home/student/bzadlo/waurn/13_07_na_gita/lab5/uec2_lab1_2023/rtl/top_vga.sv:84]
WARNING: [Synth 8-7071] port 'setmax_x' of module 'MouseCtl' is unconnected for instance 'u_MouseCtl' [/home/student/bzadlo/waurn/13_07_na_gita/lab5/uec2_lab1_2023/rtl/top_vga.sv:84]
WARNING: [Synth 8-7071] port 'setmax_y' of module 'MouseCtl' is unconnected for instance 'u_MouseCtl' [/home/student/bzadlo/waurn/13_07_na_gita/lab5/uec2_lab1_2023/rtl/top_vga.sv:84]
WARNING: [Synth 8-7023] instance 'u_MouseCtl' of module 'MouseCtl' has 16 connections declared, but only 8 given [/home/student/bzadlo/waurn/13_07_na_gita/lab5/uec2_lab1_2023/rtl/top_vga.sv:84]
INFO: [Synth 8-6157] synthesizing module 'draw_rect' [/home/student/bzadlo/waurn/13_07_na_gita/lab5/uec2_lab1_2023/rtl/draw_rect.sv:13]
WARNING: [Synth 8-6014] Unused sequential element rgb_nxt_reg was removed.  [/home/student/bzadlo/waurn/13_07_na_gita/lab5/uec2_lab1_2023/rtl/draw_rect.sv:76]
WARNING: [Synth 8-6014] Unused sequential element xpos_nxt_reg was removed.  [/home/student/bzadlo/waurn/13_07_na_gita/lab5/uec2_lab1_2023/rtl/draw_rect.sv:77]
WARNING: [Synth 8-6014] Unused sequential element ypos_nxt_reg was removed.  [/home/student/bzadlo/waurn/13_07_na_gita/lab5/uec2_lab1_2023/rtl/draw_rect.sv:78]
WARNING: [Synth 8-6014] Unused sequential element rgb_nxt2_reg was removed.  [/home/student/bzadlo/waurn/13_07_na_gita/lab5/uec2_lab1_2023/rtl/draw_rect.sv:98]
WARNING: [Synth 8-6014] Unused sequential element xpos_nxt2_reg was removed.  [/home/student/bzadlo/waurn/13_07_na_gita/lab5/uec2_lab1_2023/rtl/draw_rect.sv:99]
WARNING: [Synth 8-6014] Unused sequential element ypos_nxt2_reg was removed.  [/home/student/bzadlo/waurn/13_07_na_gita/lab5/uec2_lab1_2023/rtl/draw_rect.sv:100]
INFO: [Synth 8-6155] done synthesizing module 'draw_rect' (13#1) [/home/student/bzadlo/waurn/13_07_na_gita/lab5/uec2_lab1_2023/rtl/draw_rect.sv:13]
INFO: [Synth 8-6157] synthesizing module 'draw_mouse' [/home/student/bzadlo/waurn/13_07_na_gita/lab5/uec2_lab1_2023/rtl/draw_mouse.sv:13]
INFO: [Synth 8-638] synthesizing module 'MouseDisplay' [/home/student/bzadlo/waurn/13_07_na_gita/lab5/uec2_lab1_2023/rtl/MouseDisplay.vhd:119]
INFO: [Synth 8-256] done synthesizing module 'MouseDisplay' (14#1) [/home/student/bzadlo/waurn/13_07_na_gita/lab5/uec2_lab1_2023/rtl/MouseDisplay.vhd:119]
WARNING: [Synth 8-7071] port 'enable_mouse_display_out' of module 'MouseDisplay' is unconnected for instance 'u_MouseDisplay' [/home/student/bzadlo/waurn/13_07_na_gita/lab5/uec2_lab1_2023/rtl/draw_mouse.sv:52]
WARNING: [Synth 8-7023] instance 'u_MouseDisplay' of module 'MouseDisplay' has 9 connections declared, but only 8 given [/home/student/bzadlo/waurn/13_07_na_gita/lab5/uec2_lab1_2023/rtl/draw_mouse.sv:52]
INFO: [Synth 8-6155] done synthesizing module 'draw_mouse' (15#1) [/home/student/bzadlo/waurn/13_07_na_gita/lab5/uec2_lab1_2023/rtl/draw_mouse.sv:13]
INFO: [Synth 8-6157] synthesizing module 'image_rom' [/home/student/bzadlo/waurn/13_07_na_gita/lab5/uec2_lab1_2023/rtl/image_rom.sv:16]
INFO: [Synth 8-3876] $readmem data file '../../rtl/picture/image_rom.data' is read successfully [/home/student/bzadlo/waurn/13_07_na_gita/lab5/uec2_lab1_2023/rtl/image_rom.sv:35]
INFO: [Synth 8-6155] done synthesizing module 'image_rom' (16#1) [/home/student/bzadlo/waurn/13_07_na_gita/lab5/uec2_lab1_2023/rtl/image_rom.sv:16]
INFO: [Synth 8-6157] synthesizing module 'draw_rect_ctl' [/home/student/bzadlo/waurn/13_07_na_gita/lab5/uec2_lab1_2023/rtl/draw_rect_ctl.sv:3]
WARNING: [Synth 8-87] always_comb on 'state_nxt_reg' did not result in combinational logic [/home/student/bzadlo/waurn/13_07_na_gita/lab5/uec2_lab1_2023/rtl/draw_rect_ctl.sv:48]
WARNING: [Synth 8-87] always_comb on 'ypos_nxt_reg' did not result in combinational logic [/home/student/bzadlo/waurn/13_07_na_gita/lab5/uec2_lab1_2023/rtl/draw_rect_ctl.sv:49]
WARNING: [Synth 8-87] always_comb on 'stop_reg' did not result in combinational logic [/home/student/bzadlo/waurn/13_07_na_gita/lab5/uec2_lab1_2023/rtl/draw_rect_ctl.sv:47]
INFO: [Synth 8-6155] done synthesizing module 'draw_rect_ctl' (17#1) [/home/student/bzadlo/waurn/13_07_na_gita/lab5/uec2_lab1_2023/rtl/draw_rect_ctl.sv:3]
INFO: [Synth 8-6157] synthesizing module 'draw_obstacle_ctl' [/home/student/bzadlo/waurn/13_07_na_gita/lab5/uec2_lab1_2023/rtl/draw_obstacle_ctl.sv:3]
WARNING: [Synth 8-87] always_comb on 'xpos_nxt_reg' did not result in combinational logic [/home/student/bzadlo/waurn/13_07_na_gita/lab5/uec2_lab1_2023/rtl/draw_obstacle_ctl.sv:43]
INFO: [Synth 8-6155] done synthesizing module 'draw_obstacle_ctl' (18#1) [/home/student/bzadlo/waurn/13_07_na_gita/lab5/uec2_lab1_2023/rtl/draw_obstacle_ctl.sv:3]
INFO: [Synth 8-6157] synthesizing module 'draw_obstacle' [/home/student/bzadlo/waurn/13_07_na_gita/lab5/uec2_lab1_2023/rtl/draw_obstacle.sv:3]
WARNING: [Synth 8-639] system function call 'urandom_range' not supported [/home/student/bzadlo/waurn/13_07_na_gita/lab5/uec2_lab1_2023/rtl/draw_obstacle.sv:31]
WARNING: [Synth 8-639] system function call 'urandom_range' not supported [/home/student/bzadlo/waurn/13_07_na_gita/lab5/uec2_lab1_2023/rtl/draw_obstacle.sv:32]
WARNING: [Synth 8-639] system function call 'urandom_range' not supported [/home/student/bzadlo/waurn/13_07_na_gita/lab5/uec2_lab1_2023/rtl/draw_obstacle.sv:47]
WARNING: [Synth 8-639] system function call 'urandom_range' not supported [/home/student/bzadlo/waurn/13_07_na_gita/lab5/uec2_lab1_2023/rtl/draw_obstacle.sv:48]
INFO: [Synth 8-6155] done synthesizing module 'draw_obstacle' (19#1) [/home/student/bzadlo/waurn/13_07_na_gita/lab5/uec2_lab1_2023/rtl/draw_obstacle.sv:3]
WARNING: [Synth 8-3848] Net xpos in module/entity top_vga does not have driver. [/home/student/bzadlo/waurn/13_07_na_gita/lab5/uec2_lab1_2023/rtl/top_vga.sv:44]
WARNING: [Synth 8-3848] Net ypos in module/entity top_vga does not have driver. [/home/student/bzadlo/waurn/13_07_na_gita/lab5/uec2_lab1_2023/rtl/top_vga.sv:45]
WARNING: [Synth 8-3848] Net pixel_address in module/entity top_vga does not have driver. [/home/student/bzadlo/waurn/13_07_na_gita/lab5/uec2_lab1_2023/rtl/top_vga.sv:49]
INFO: [Synth 8-6155] done synthesizing module 'top_vga' (20#1) [/home/student/bzadlo/waurn/13_07_na_gita/lab5/uec2_lab1_2023/rtl/top_vga.sv:17]
INFO: [Synth 8-6155] done synthesizing module 'top_vga_basys3' (21#1) [/home/student/bzadlo/waurn/13_07_na_gita/lab5/uec2_lab1_2023/fpga/rtl/top_vga_basys3.sv:17]
WARNING: [Synth 8-7129] Port in\.rgb[11] in module draw_bg is either unconnected or has no load
WARNING: [Synth 8-7129] Port in\.rgb[10] in module draw_bg is either unconnected or has no load
WARNING: [Synth 8-7129] Port in\.rgb[9] in module draw_bg is either unconnected or has no load
WARNING: [Synth 8-7129] Port in\.rgb[8] in module draw_bg is either unconnected or has no load
WARNING: [Synth 8-7129] Port in\.rgb[7] in module draw_bg is either unconnected or has no load
WARNING: [Synth 8-7129] Port in\.rgb[6] in module draw_bg is either unconnected or has no load
WARNING: [Synth 8-7129] Port in\.rgb[5] in module draw_bg is either unconnected or has no load
WARNING: [Synth 8-7129] Port in\.rgb[4] in module draw_bg is either unconnected or has no load
WARNING: [Synth 8-7129] Port in\.rgb[3] in module draw_bg is either unconnected or has no load
WARNING: [Synth 8-7129] Port in\.rgb[2] in module draw_bg is either unconnected or has no load
WARNING: [Synth 8-7129] Port in\.rgb[1] in module draw_bg is either unconnected or has no load
WARNING: [Synth 8-7129] Port in\.rgb[0] in module draw_bg is either unconnected or has no load
---------------------------------------------------------------------------------
Finished RTL Elaboration : Time (s): cpu = 00:00:04 ; elapsed = 00:00:06 . Memory (MB): peak = 2717.816 ; gain = 0.000 ; free physical = 1236 ; free virtual = 12236
---------------------------------------------------------------------------------
---------------------------------------------------------------------------------
Start Handling Custom Attributes
---------------------------------------------------------------------------------
---------------------------------------------------------------------------------
Finished Handling Custom Attributes : Time (s): cpu = 00:00:05 ; elapsed = 00:00:07 . Memory (MB): peak = 2717.816 ; gain = 0.000 ; free physical = 1236 ; free virtual = 12236
---------------------------------------------------------------------------------
---------------------------------------------------------------------------------
Finished RTL Optimization Phase 1 : Time (s): cpu = 00:00:05 ; elapsed = 00:00:07 . Memory (MB): peak = 2717.816 ; gain = 0.000 ; free physical = 1236 ; free virtual = 12236
---------------------------------------------------------------------------------
Netlist sorting complete. Time (s): cpu = 00:00:00.01 ; elapsed = 00:00:00.01 . Memory (MB): peak = 2717.816 ; gain = 0.000 ; free physical = 1228 ; free virtual = 12229
WARNING: [Netlist 29-345] The value of SIM_DEVICE on instance 'my_clk_wiz_0/inst/clkout1_buf' of type 'BUFGCE' is 'ULTRASCALE'; it is being changed to match the current FPGA architecture, '7SERIES'. For functional simulation to match hardware behavior, the value of SIM_DEVICE should be changed in the source netlist. 
WARNING: [Netlist 29-345] The value of SIM_DEVICE on instance 'my_clk_wiz_0/inst/clkout2_buf' of type 'BUFGCE' is 'ULTRASCALE'; it is being changed to match the current FPGA architecture, '7SERIES'. For functional simulation to match hardware behavior, the value of SIM_DEVICE should be changed in the source netlist. 
INFO: [Netlist 29-17] Analyzing 4 Unisim elements for replacement
INFO: [Netlist 29-28] Unisim Transformation completed in 0 CPU seconds
INFO: [Project 1-570] Preparing netlist for logic optimization

Processing XDC Constraints
Initializing timing engine
Parsing XDC File [/home/student/bzadlo/waurn/13_07_na_gita/lab5/uec2_lab1_2023/fpga/constraints/top_vga_basys3.xdc]
Finished Parsing XDC File [/home/student/bzadlo/waurn/13_07_na_gita/lab5/uec2_lab1_2023/fpga/constraints/top_vga_basys3.xdc]
INFO: [Project 1-236] Implementation specific constraints were found while reading constraint file [/home/student/bzadlo/waurn/13_07_na_gita/lab5/uec2_lab1_2023/fpga/constraints/top_vga_basys3.xdc]. These constraints will be ignored for synthesis but will be used in implementation. Impacted constraints are listed in the file [.Xil/top_vga_basys3_propImpl.xdc].
Resolution: To avoid this warning, move constraints listed in [.Xil/top_vga_basys3_propImpl.xdc] to another XDC file and exclude this new file from synthesis with the used_in_synthesis property (File Properties dialog in GUI) and re-run elaboration/synthesis.
Parsing XDC File [/home/student/bzadlo/waurn/13_07_na_gita/lab5/uec2_lab1_2023/fpga/constraints/clk_wiz_0.xdc]
Finished Parsing XDC File [/home/student/bzadlo/waurn/13_07_na_gita/lab5/uec2_lab1_2023/fpga/constraints/clk_wiz_0.xdc]
INFO: [Project 1-236] Implementation specific constraints were found while reading constraint file [/home/student/bzadlo/waurn/13_07_na_gita/lab5/uec2_lab1_2023/fpga/constraints/clk_wiz_0.xdc]. These constraints will be ignored for synthesis but will be used in implementation. Impacted constraints are listed in the file [.Xil/top_vga_basys3_propImpl.xdc].
Resolution: To avoid this warning, move constraints listed in [.Xil/top_vga_basys3_propImpl.xdc] to another XDC file and exclude this new file from synthesis with the used_in_synthesis property (File Properties dialog in GUI) and re-run elaboration/synthesis.
Parsing XDC File [/home/student/bzadlo/waurn/13_07_na_gita/lab5/uec2_lab1_2023/fpga/constraints/clk_wiz_0_late.xdc]
Finished Parsing XDC File [/home/student/bzadlo/waurn/13_07_na_gita/lab5/uec2_lab1_2023/fpga/constraints/clk_wiz_0_late.xdc]
INFO: [Timing 38-2] Deriving generated clocks
Completed Processing XDC Constraints

Netlist sorting complete. Time (s): cpu = 00:00:00 ; elapsed = 00:00:00 . Memory (MB): peak = 2781.727 ; gain = 0.000 ; free physical = 1124 ; free virtual = 12124
INFO: [Project 1-111] Unisim Transformation Summary:
  A total of 2 instances were transformed.
  BUFGCE => BUFGCTRL: 2 instances

Constraint Validation Runtime : Time (s): cpu = 00:00:00 ; elapsed = 00:00:00.01 . Memory (MB): peak = 2781.727 ; gain = 0.000 ; free physical = 1124 ; free virtual = 12124
---------------------------------------------------------------------------------
Finished Constraint Validation : Time (s): cpu = 00:00:10 ; elapsed = 00:00:13 . Memory (MB): peak = 2781.727 ; gain = 63.910 ; free physical = 1207 ; free virtual = 12207
---------------------------------------------------------------------------------
---------------------------------------------------------------------------------
Start Loading Part and Timing Information
---------------------------------------------------------------------------------
Loading part: xc7a35tcpg236-1
---------------------------------------------------------------------------------
Finished Loading Part and Timing Information : Time (s): cpu = 00:00:10 ; elapsed = 00:00:13 . Memory (MB): peak = 2781.727 ; gain = 63.910 ; free physical = 1207 ; free virtual = 12207
---------------------------------------------------------------------------------
---------------------------------------------------------------------------------
Start Applying 'set_property' XDC Constraints
---------------------------------------------------------------------------------
---------------------------------------------------------------------------------
Finished applying 'set_property' XDC Constraints : Time (s): cpu = 00:00:10 ; elapsed = 00:00:13 . Memory (MB): peak = 2781.727 ; gain = 63.910 ; free physical = 1202 ; free virtual = 12202
---------------------------------------------------------------------------------
INFO: [Synth 8-802] inferred FSM for state register 'state_reg' in module 'Ps2Interface'
INFO: [Synth 8-802] inferred FSM for state register 'state_reg' in module 'MouseCtl'
INFO: [Synth 8-802] inferred FSM for state register 'state_reg' in module 'draw_rect_ctl'
INFO: [Synth 8-802] inferred FSM for state register 'state_reg' in module 'draw_obstacle_ctl'
---------------------------------------------------------------------------------------------------
                   State |                     New Encoding |                Previous Encoding 
---------------------------------------------------------------------------------------------------
                    idle |                00000000000000001 |                            00000
            rx_down_edge |                00000000000000010 |                            00011
                rx_clk_l |                00000000000000100 |                            00010
                rx_clk_h |                00000000000001000 |                            00001
         rx_error_parity |                00000000000010000 |                            00100
           rx_data_ready |                00000000000100000 |                            00101
          tx_force_clk_l |                00000000001000000 |                            00110
      tx_bring_data_down |                00000000010000000 |                            00111
          tx_release_clk |                00000000100000000 |                            01000
 tx_first_wait_down_edge |                00000001000000000 |                            01001
                tx_clk_l |                00000010000000000 |                            01010
         tx_wait_up_edge |                00000100000000000 |                            01011
tx_wait_up_edge_before_ack |                00001000000000000 |                            01101
             tx_wait_ack |                00010000000000000 |                            01110
         tx_received_ack |                00100000000000000 |                            01111
         tx_error_no_ack |                01000000000000000 |                            10000
                tx_clk_h |                10000000000000000 |                            01100
---------------------------------------------------------------------------------------------------
INFO: [Synth 8-3354] encoded FSM with state register 'state_reg' using encoding 'one-hot' in module 'Ps2Interface'
---------------------------------------------------------------------------------------------------
                   State |                     New Encoding |                Previous Encoding 
---------------------------------------------------------------------------------------------------
                   reset | 0000000000000000000000000000000000001 |                           000000
          reset_wait_ack | 0000000000000000000000000000000000010 |                           000001
reset_wait_bat_completion | 0000000000000000000000000000000000100 |                           000010
           reset_wait_id | 0000000000000000000000000000000001000 |                           000011
reset_set_sample_rate_200 | 0000000000000000000000000000000010000 |                           000100
reset_set_sample_rate_200_wait_ack | 0000000000000000000000000000000100000 |                           000101
reset_send_sample_rate_200 | 0000000000000000000000000000001000000 |                           000110
reset_send_sample_rate_200_wait_ack | 0000000000000000000000000000010000000 |                           000111
reset_set_sample_rate_100 | 0000000000000000000000000000100000000 |                           001000
reset_set_sample_rate_100_wait_ack | 0000000000000000000000000001000000000 |                           001001
reset_send_sample_rate_100 | 0000000000000000000000000010000000000 |                           001010
reset_send_sample_rate_100_wait_ack | 0000000000000000000000000100000000000 |                           001011
reset_set_sample_rate_80 | 0000000000000000000000001000000000000 |                           001100
reset_set_sample_rate_80_wait_ack | 0000000000000000000000010000000000000 |                           001101
reset_send_sample_rate_80 | 0000000000000000000000100000000000000 |                           001110
reset_send_sample_rate_80_wait_ack | 0000000000000000000001000000000000000 |                           001111
           reset_read_id | 0000000000000000000010000000000000000 |                           010000
  reset_read_id_wait_ack | 0000000000000000000100000000000000000 |                           010001
   reset_read_id_wait_id | 0000000000000000001000000000000000000 |                           010010
    reset_set_resolution | 0000000000000000010000000000000000000 |                           010011
reset_set_resolution_wait_ack | 0000000000000000100000000000000000000 |                           010100
   reset_send_resolution | 0000000000000001000000000000000000000 |                           010101
reset_send_resolution_wait_ack | 0000000000000010000000000000000000000 |                           010110
reset_set_sample_rate_40 | 0000000000000100000000000000000000000 |                           010111
reset_set_sample_rate_40_wait_ack | 0000000000001000000000000000000000000 |                           011000
reset_send_sample_rate_40 | 0000000000010000000000000000000000000 |                           011001
reset_send_sample_rate_40_wait_ack | 0000000000100000000000000000000000000 |                           011010
  reset_enable_reporting | 0000000001000000000000000000000000000 |                           011011
reset_enable_reporting_wait_ack | 0000000010000000000000000000000000000 |                           011100
             read_byte_1 | 0000000100000000000000000000000000000 |                           011101
             read_byte_2 | 0000001000000000000000000000000000000 |                           011110
             read_byte_3 | 0000010000000000000000000000000000000 |                           011111
             read_byte_4 | 0000100000000000000000000000000000000 |                           100000
          mark_new_event | 0001000000000000000000000000000000000 |                           100100
           check_read_id | 0010000000000000000000000000000000000 |                           100001
  check_read_id_wait_ack | 0100000000000000000000000000000000000 |                           100010
   check_read_id_wait_id | 1000000000000000000000000000000000000 |                           100011
---------------------------------------------------------------------------------------------------
INFO: [Synth 8-3354] encoded FSM with state register 'state_reg' using encoding 'one-hot' in module 'MouseCtl'
WARNING: [Synth 8-327] inferring latch for variable 'ypos_nxt_reg' [/home/student/bzadlo/waurn/13_07_na_gita/lab5/uec2_lab1_2023/rtl/draw_rect_ctl.sv:49]
WARNING: [Synth 8-327] inferring latch for variable 'FSM_sequential_state_nxt_reg' [/home/student/bzadlo/waurn/13_07_na_gita/lab5/uec2_lab1_2023/rtl/draw_rect_ctl.sv:48]
WARNING: [Synth 8-327] inferring latch for variable 'FSM_onehot_state_nxt_reg' [/home/student/bzadlo/waurn/13_07_na_gita/lab5/uec2_lab1_2023/rtl/draw_rect_ctl.sv:48]
---------------------------------------------------------------------------------------------------
                   State |                     New Encoding |                Previous Encoding 
---------------------------------------------------------------------------------------------------
                    IDLE |                              001 |                              000
                    DOWN |                              010 |                              001
                      UP |                              100 |                              010
---------------------------------------------------------------------------------------------------
INFO: [Synth 8-3354] encoded FSM with state register 'state_reg' using encoding 'one-hot' in module 'draw_rect_ctl'
WARNING: [Synth 8-327] inferring latch for variable 'FSM_onehot_state_nxt_reg' [/home/student/bzadlo/waurn/13_07_na_gita/lab5/uec2_lab1_2023/rtl/draw_rect_ctl.sv:48]
WARNING: [Synth 8-327] inferring latch for variable 'stop_reg' [/home/student/bzadlo/waurn/13_07_na_gita/lab5/uec2_lab1_2023/rtl/draw_rect_ctl.sv:47]
WARNING: [Synth 8-327] inferring latch for variable 'xpos_nxt_reg' [/home/student/bzadlo/waurn/13_07_na_gita/lab5/uec2_lab1_2023/rtl/draw_obstacle_ctl.sv:43]
---------------------------------------------------------------------------------------------------
                   State |                     New Encoding |                Previous Encoding 
---------------------------------------------------------------------------------------------------
                    IDLE |                                0 |                              000
                   START |                                1 |                              001
---------------------------------------------------------------------------------------------------
INFO: [Synth 8-3354] encoded FSM with state register 'state_reg' using encoding 'sequential' in module 'draw_obstacle_ctl'
---------------------------------------------------------------------------------
Finished RTL Optimization Phase 2 : Time (s): cpu = 00:00:12 ; elapsed = 00:00:15 . Memory (MB): peak = 2781.727 ; gain = 63.910 ; free physical = 1200 ; free virtual = 12202
---------------------------------------------------------------------------------
---------------------------------------------------------------------------------
Start RTL Component Statistics 
---------------------------------------------------------------------------------
Detailed RTL Component Info : 
+---Adders : 
	   2 Input   26 Bit       Adders := 1     
	   2 Input   24 Bit       Adders := 1     
	   2 Input   22 Bit       Adders := 2     
	   2 Input   13 Bit       Adders := 3     
	   3 Input   13 Bit       Adders := 2     
	   2 Input   12 Bit       Adders := 6     
	   2 Input   11 Bit       Adders := 6     
	   2 Input    8 Bit       Adders := 1     
	   2 Input    7 Bit       Adders := 1     
	   3 Input    6 Bit       Adders := 2     
	   2 Input    4 Bit       Adders := 3     
	   3 Input    4 Bit       Adders := 2     
+---Registers : 
	               26 Bit    Registers := 1     
	               25 Bit    Registers := 2     
	               24 Bit    Registers := 1     
	               12 Bit    Registers := 16    
	               11 Bit    Registers := 16    
	               10 Bit    Registers := 1     
	                8 Bit    Registers := 6     
	                7 Bit    Registers := 1     
	                4 Bit    Registers := 4     
	                1 Bit    Registers := 63    
+---ROMs : 
	                    ROMs := 1     
+---Muxes : 
	  37 Input   37 Bit        Muxes := 1     
	   2 Input   37 Bit        Muxes := 69    
	   2 Input   26 Bit        Muxes := 1     
	   2 Input   24 Bit        Muxes := 1     
	   2 Input   22 Bit        Muxes := 2     
	  17 Input   17 Bit        Muxes := 1     
	   2 Input   17 Bit        Muxes := 18    
	   3 Input   12 Bit        Muxes := 2     
	   2 Input   12 Bit        Muxes := 17    
	  13 Input   12 Bit        Muxes := 1     
	   2 Input   11 Bit        Muxes := 7     
	   3 Input   11 Bit        Muxes := 1     
	   2 Input    9 Bit        Muxes := 2     
	  37 Input    8 Bit        Muxes := 3     
	  37 Input    4 Bit        Muxes := 1     
	   3 Input    3 Bit        Muxes := 1     
	   2 Input    3 Bit        Muxes := 3     
	   3 Input    2 Bit        Muxes := 2     
	   2 Input    1 Bit        Muxes := 13    
	  17 Input    1 Bit        Muxes := 4     
	  37 Input    1 Bit        Muxes := 20    
	   3 Input    1 Bit        Muxes := 6     
---------------------------------------------------------------------------------
Finished RTL Component Statistics 
---------------------------------------------------------------------------------
---------------------------------------------------------------------------------
Start Part Resource Summary
---------------------------------------------------------------------------------
Part Resources:
DSPs: 90 (col length:60)
BRAMs: 100 (col length: RAMB18 60 RAMB36 30)
---------------------------------------------------------------------------------
Finished Part Resource Summary
---------------------------------------------------------------------------------
---------------------------------------------------------------------------------
Start Cross Boundary and Area Optimization
---------------------------------------------------------------------------------
WARNING: [Synth 8-7080] Parallel synthesis criteria is not met
WARNING: [Synth 8-7129] Port in\.rgb[11] in module draw_bg is either unconnected or has no load
WARNING: [Synth 8-7129] Port in\.rgb[10] in module draw_bg is either unconnected or has no load
WARNING: [Synth 8-7129] Port in\.rgb[9] in module draw_bg is either unconnected or has no load
WARNING: [Synth 8-7129] Port in\.rgb[8] in module draw_bg is either unconnected or has no load
WARNING: [Synth 8-7129] Port in\.rgb[7] in module draw_bg is either unconnected or has no load
WARNING: [Synth 8-7129] Port in\.rgb[6] in module draw_bg is either unconnected or has no load
WARNING: [Synth 8-7129] Port in\.rgb[5] in module draw_bg is either unconnected or has no load
WARNING: [Synth 8-7129] Port in\.rgb[4] in module draw_bg is either unconnected or has no load
WARNING: [Synth 8-7129] Port in\.rgb[3] in module draw_bg is either unconnected or has no load
WARNING: [Synth 8-7129] Port in\.rgb[2] in module draw_bg is either unconnected or has no load
WARNING: [Synth 8-7129] Port in\.rgb[1] in module draw_bg is either unconnected or has no load
WARNING: [Synth 8-7129] Port in\.rgb[0] in module draw_bg is either unconnected or has no load
---------------------------------------------------------------------------------
Finished Cross Boundary and Area Optimization : Time (s): cpu = 00:00:15 ; elapsed = 00:00:19 . Memory (MB): peak = 2781.727 ; gain = 63.910 ; free physical = 1172 ; free virtual = 12180
---------------------------------------------------------------------------------
---------------------------------------------------------------------------------
Start ROM, RAM, DSP, Shift Register and Retiming Reporting
---------------------------------------------------------------------------------

ROM: Preliminary Mapping Report
+-------------+----------------------------+---------------+----------------+
|Module Name  | RTL Object                 | Depth x Width | Implemented As | 
+-------------+----------------------------+---------------+----------------+
|MouseDisplay | mouserom[0]                | 256x2         | LUT            | 
|draw_mouse   | u_MouseDisplay/mouserom[0] | 256x2         | LUT            | 
+-------------+----------------------------+---------------+----------------+

---------------------------------------------------------------------------------
Finished ROM, RAM, DSP, Shift Register and Retiming Reporting
---------------------------------------------------------------------------------
---------------------------------------------------------------------------------
Start Applying XDC Timing Constraints
---------------------------------------------------------------------------------
---------------------------------------------------------------------------------
Finished Applying XDC Timing Constraints : Time (s): cpu = 00:00:19 ; elapsed = 00:00:23 . Memory (MB): peak = 2781.727 ; gain = 63.910 ; free physical = 1064 ; free virtual = 12071
---------------------------------------------------------------------------------
---------------------------------------------------------------------------------
Start Timing Optimization
---------------------------------------------------------------------------------
---------------------------------------------------------------------------------
Finished Timing Optimization : Time (s): cpu = 00:00:20 ; elapsed = 00:00:24 . Memory (MB): peak = 2781.727 ; gain = 63.910 ; free physical = 1063 ; free virtual = 12070
---------------------------------------------------------------------------------
---------------------------------------------------------------------------------
Start Technology Mapping
---------------------------------------------------------------------------------
---------------------------------------------------------------------------------
Finished Technology Mapping : Time (s): cpu = 00:00:20 ; elapsed = 00:00:24 . Memory (MB): peak = 2781.727 ; gain = 63.910 ; free physical = 1060 ; free virtual = 12068
---------------------------------------------------------------------------------
---------------------------------------------------------------------------------
Start IO Insertion
---------------------------------------------------------------------------------
---------------------------------------------------------------------------------
Start Flattening Before IO Insertion
---------------------------------------------------------------------------------
---------------------------------------------------------------------------------
Finished Flattening Before IO Insertion
---------------------------------------------------------------------------------
---------------------------------------------------------------------------------
Start Final Netlist Cleanup
---------------------------------------------------------------------------------
---------------------------------------------------------------------------------
Finished Final Netlist Cleanup
---------------------------------------------------------------------------------
---------------------------------------------------------------------------------
Finished IO Insertion : Time (s): cpu = 00:00:23 ; elapsed = 00:00:27 . Memory (MB): peak = 2781.727 ; gain = 63.910 ; free physical = 1065 ; free virtual = 12072
---------------------------------------------------------------------------------
---------------------------------------------------------------------------------
Start Renaming Generated Instances
---------------------------------------------------------------------------------
---------------------------------------------------------------------------------
Finished Renaming Generated Instances : Time (s): cpu = 00:00:23 ; elapsed = 00:00:27 . Memory (MB): peak = 2781.727 ; gain = 63.910 ; free physical = 1065 ; free virtual = 12072
---------------------------------------------------------------------------------
---------------------------------------------------------------------------------
Start Rebuilding User Hierarchy
---------------------------------------------------------------------------------
---------------------------------------------------------------------------------
Finished Rebuilding User Hierarchy : Time (s): cpu = 00:00:23 ; elapsed = 00:00:27 . Memory (MB): peak = 2781.727 ; gain = 63.910 ; free physical = 1065 ; free virtual = 12072
---------------------------------------------------------------------------------
---------------------------------------------------------------------------------
Start Renaming Generated Ports
---------------------------------------------------------------------------------
---------------------------------------------------------------------------------
Finished Renaming Generated Ports : Time (s): cpu = 00:00:23 ; elapsed = 00:00:27 . Memory (MB): peak = 2781.727 ; gain = 63.910 ; free physical = 1065 ; free virtual = 12072
---------------------------------------------------------------------------------
---------------------------------------------------------------------------------
Start Handling Custom Attributes
---------------------------------------------------------------------------------
---------------------------------------------------------------------------------
Finished Handling Custom Attributes : Time (s): cpu = 00:00:23 ; elapsed = 00:00:27 . Memory (MB): peak = 2781.727 ; gain = 63.910 ; free physical = 1065 ; free virtual = 12072
---------------------------------------------------------------------------------
---------------------------------------------------------------------------------
Start Renaming Generated Nets
---------------------------------------------------------------------------------
---------------------------------------------------------------------------------
Finished Renaming Generated Nets : Time (s): cpu = 00:00:23 ; elapsed = 00:00:27 . Memory (MB): peak = 2781.727 ; gain = 63.910 ; free physical = 1065 ; free virtual = 12072
---------------------------------------------------------------------------------
---------------------------------------------------------------------------------
Start ROM, RAM, DSP, Shift Register and Retiming Reporting
---------------------------------------------------------------------------------

Static Shift Register Report:
+---------------+--------------------------------------+--------+-------+--------------+--------------------+-------------------+--------+---------+
|Module Name    | RTL Name                             | Length | Width | Reset Signal | Pull out first Reg | Pull out last Reg | SRL16E | SRLC32E | 
+---------------+--------------------------------------+--------+-------+--------------+--------------------+-------------------+--------+---------+
|top_vga_basys3 | u_top_vga/u_draw_rect/out\.vsync_reg | 4      | 1     | YES          | NO                 | YES               | 1      | 0       | 
|top_vga_basys3 | u_top_vga/u_draw_rect/out\.hsync_reg | 5      | 1     | YES          | NO                 | YES               | 1      | 0       | 
+---------------+--------------------------------------+--------+-------+--------------+--------------------+-------------------+--------+---------+

---------------------------------------------------------------------------------
Finished ROM, RAM, DSP, Shift Register and Retiming Reporting
---------------------------------------------------------------------------------
---------------------------------------------------------------------------------
Start Writing Synthesis Report
---------------------------------------------------------------------------------

Report BlackBoxes: 
+-+--------------+----------+
| |BlackBox name |Instances |
+-+--------------+----------+
+-+--------------+----------+

Report Cell Usage: 
+------+-----------+------+
|      |Cell       |Count |
+------+-----------+------+
|1     |BUFG       |     1|
|2     |BUFGCE     |     2|
|3     |BUFH       |     2|
|4     |CARRY4     |    64|
|5     |LUT1       |    46|
|6     |LUT2       |   181|
|7     |LUT3       |    49|
|8     |LUT4       |   129|
|9     |LUT5       |    77|
|10    |LUT6       |   164|
|11    |MMCME2_ADV |     1|
|12    |ODDR       |     1|
|13    |SRL16E     |     2|
|14    |FDCE       |   156|
|15    |FDPE       |     5|
|16    |FDRE       |   306|
|17    |FDSE       |     6|
|18    |LD         |    26|
|19    |IBUF       |     2|
|20    |IOBUF      |     2|
|21    |OBUF       |    15|
+------+-----------+------+
---------------------------------------------------------------------------------
Finished Writing Synthesis Report : Time (s): cpu = 00:00:23 ; elapsed = 00:00:27 . Memory (MB): peak = 2781.727 ; gain = 63.910 ; free physical = 1065 ; free virtual = 12072
---------------------------------------------------------------------------------
Synthesis finished with 0 errors, 0 critical warnings and 19 warnings.
Synthesis Optimization Runtime : Time (s): cpu = 00:00:22 ; elapsed = 00:00:25 . Memory (MB): peak = 2781.727 ; gain = 0.000 ; free physical = 1111 ; free virtual = 12118
Synthesis Optimization Complete : Time (s): cpu = 00:00:24 ; elapsed = 00:00:28 . Memory (MB): peak = 2781.727 ; gain = 63.910 ; free physical = 1111 ; free virtual = 12118
INFO: [Project 1-571] Translating synthesized netlist
Netlist sorting complete. Time (s): cpu = 00:00:00.01 ; elapsed = 00:00:00.01 . Memory (MB): peak = 2781.727 ; gain = 0.000 ; free physical = 1197 ; free virtual = 12205
WARNING: [Netlist 29-345] The value of SIM_DEVICE on instance 'my_clk_wiz_0/inst/clkout1_buf' of type 'BUFGCE' is 'ULTRASCALE'; it is being changed to match the current FPGA architecture, '7SERIES'. For functional simulation to match hardware behavior, the value of SIM_DEVICE should be changed in the source netlist. 
WARNING: [Netlist 29-345] The value of SIM_DEVICE on instance 'my_clk_wiz_0/inst/clkout2_buf' of type 'BUFGCE' is 'ULTRASCALE'; it is being changed to match the current FPGA architecture, '7SERIES'. For functional simulation to match hardware behavior, the value of SIM_DEVICE should be changed in the source netlist. 
INFO: [Netlist 29-17] Analyzing 96 Unisim elements for replacement
INFO: [Netlist 29-28] Unisim Transformation completed in 0 CPU seconds
INFO: [Project 1-570] Preparing netlist for logic optimization
INFO: [Opt 31-138] Pushed 0 inverter(s) to 0 load pin(s).
Netlist sorting complete. Time (s): cpu = 00:00:00 ; elapsed = 00:00:00 . Memory (MB): peak = 2781.727 ; gain = 0.000 ; free physical = 1143 ; free virtual = 12150
INFO: [Project 1-111] Unisim Transformation Summary:
  A total of 30 instances were transformed.
  BUFGCE => BUFGCTRL: 2 instances
  IOBUF => IOBUF (IBUF, OBUFT): 2 instances
  LD => LDCE: 26 instances

Synth Design complete, checksum: 46c8ae62
INFO: [Common 17-83] Releasing license: Synthesis
81 Infos, 67 Warnings, 0 Critical Warnings and 0 Errors encountered.
synth_design completed successfully
synth_design: Time (s): cpu = 00:00:32 ; elapsed = 00:00:32 . Memory (MB): peak = 2781.727 ; gain = 64.031 ; free physical = 1342 ; free virtual = 12350
INFO: [Common 17-1381] The checkpoint '/home/student/bzadlo/waurn/13_07_na_gita/lab5/uec2_lab1_2023/fpga/build/vga_project.runs/synth_1/top_vga_basys3.dcp' has been generated.
INFO: [runtcl-4] Executing : report_utilization -file top_vga_basys3_utilization_synth.rpt -pb top_vga_basys3_utilization_synth.pb
INFO: [Common 17-206] Exiting Vivado at Sat Jul 13 19:16:20 2024...
