#-----------------------------------------------------------
# Vivado v2021.2 (64-bit)
# SW Build 3367213 on Tue Oct 19 02:47:39 MDT 2021
# IP Build 3369179 on Thu Oct 21 08:25:16 MDT 2021
# Start of session at: Sat Jul 13 19:15:19 2024
# Process ID: 31711
# Current directory: /home/student/bzadlo/waurn/13_07_na_gita/lab5/uec2_lab1_2023/fpga
# Command line: vivado -mode tcl -source scripts/generate_bitstream.tcl
# Log file: /home/student/bzadlo/waurn/13_07_na_gita/lab5/uec2_lab1_2023/fpga/vivado.log
# Journal file: /home/student/bzadlo/waurn/13_07_na_gita/lab5/uec2_lab1_2023/fpga/vivado.jou
# Running On: cadence30, OS: Linux, CPU Frequency: 3593.164 MHz, CPU Physical cores: 4, Host memory: 16720 MB
#-----------------------------------------------------------
source scripts/generate_bitstream.tcl
# source scripts/project_details.tcl
## set project_name vga_project
## set top_module top_vga_basys3
## set target xc7a35tcpg236-1
## set xdc_files {
##     constraints/top_vga_basys3.xdc
##     constraints/clk_wiz_0.xdc
##     constraints/clk_wiz_0_late.xdc
## }
## set sv_files {
##     ../rtl/vga_if.sv
##     ../rtl/vga_pkg.sv
##     ../rtl/vga_timing.sv
##     ../rtl/draw_bg.sv
##     ../rtl/draw_rect.sv
##     ../rtl/top_vga.sv
##     ../rtl/draw_mouse.sv
##     ../rtl/draw_rect_ctl.sv
##     ../rtl/counter.sv
##     ../rtl/image_rom.sv
##     ../rtl/synchr.sv
##     ../rtl/draw_obstacle_ctl.sv
##     ../rtl/draw_obstacle.sv
##     rtl/top_vga_basys3.sv
## }
## set verilog_files {
##     rtl/clk_wiz_0.v
##     rtl/clk_wiz_0_clk_wiz.v
## }
## set vhdl_files {
##     rtl/Ps2Interface.vhd
##     ../rtl/MouseCtl.vhd
##     ../rtl/MouseDisplay.vhd
## }
## set mem_files {
##     ../rtl/picture/image_rom.data
## }
# proc create_new_project {project_name target top_module} {
#     file mkdir build
#     create_project ${project_name} build -part ${target} -force
# 
#     # read files from the variables provided by the project_details.tcl
#     if {[info exists ::xdc_files]}     {read_xdc ${::xdc_files}}
#     if {[info exists ::sv_files]}      {read_verilog -sv ${::sv_files}}
#     if {[info exists ::verilog_files]} {read_verilog ${::verilog_files}}
#     if {[info exists ::vhdl_files]}    {read_vhdl ${::vhdl_files}}
#     if {[info exists ::mem_files]}     {read_mem ${::mem_files}}
# 
#     set_property top ${top_module} [current_fileset]
#     update_compile_order -fileset sources_1
# }
# proc generate_bitstream {} {
#     # Run synthesis
#     reset_run synth_1
#     launch_runs synth_1 -jobs 8
#     wait_on_run synth_1
# 
#     # Run implemenatation up to bitstream generation
#     launch_runs impl_1 -to_step write_bitstream -jobs 8
#     wait_on_run impl_1
# }
# create_new_project $project_name $target $top_module
# generate_bitstream
WARNING: [Vivado 12-7122] Auto Incremental Compile:: No reference checkpoint was found in run synth_1. Auto-incremental flow will not be run, the standard flow will be run instead.
[Sat Jul 13 19:15:34 2024] Launched synth_1...
Run output will be captured here: /home/student/bzadlo/waurn/13_07_na_gita/lab5/uec2_lab1_2023/fpga/build/vga_project.runs/synth_1/runme.log
[Sat Jul 13 19:15:34 2024] Waiting for synth_1 to finish...

*** Running vivado
    with args -log top_vga_basys3.vds -m64 -product Vivado -mode batch -messageDb vivado.pb -notrace -source top_vga_basys3.tcl


****** Vivado v2021.2 (64-bit)
  **** SW Build 3367213 on Tue Oct 19 02:47:39 MDT 2021
  **** IP Build 3369179 on Thu Oct 21 08:25:16 MDT 2021
    ** Copyright 1986-2021 Xilinx, Inc. All Rights Reserved.

source top_vga_basys3.tcl -notrace
Command: synth_design -top top_vga_basys3 -part xc7a35tcpg236-1
Starting synth_design
Attempting to get a license for feature 'Synthesis' and/or device 'xc7a35t'
INFO: [Common 17-349] Got license for feature 'Synthesis' and/or device 'xc7a35t'
INFO: [Device 21-403] Loading part xc7a35tcpg236-1
INFO: [Synth 8-7079] Multithreading enabled for synth_design using a maximum of 4 processes.
INFO: [Synth 8-7078] Launching helper process for spawning children vivado processes
INFO: [Synth 8-7075] Helper process launched with PID 32175
---------------------------------------------------------------------------------
Starting RTL Elaboration : Time (s): cpu = 00:00:03 ; elapsed = 00:00:03 . Memory (MB): peak = 2717.816 ; gain = 0.000 ; free physical = 431 ; free virtual = 11525
---------------------------------------------------------------------------------
INFO: [Synth 8-6157] synthesizing module 'top_vga_basys3' [/home/student/bzadlo/waurn/13_07_na_gita/lab5/uec2_lab1_2023/fpga/rtl/top_vga_basys3.sv:17]
INFO: [Synth 8-6157] synthesizing module 'clk_wiz_0' [/home/student/bzadlo/waurn/13_07_na_gita/lab5/uec2_lab1_2023/fpga/rtl/clk_wiz_0.v:71]
INFO: [Synth 8-6157] synthesizing module 'clk_wiz_0_clk_wiz' [/home/student/bzadlo/waurn/13_07_na_gita/lab5/uec2_lab1_2023/fpga/rtl/clk_wiz_0_clk_wiz.v:69]
INFO: [Synth 8-6157] synthesizing module 'IBUF' [/home_local/Xilinx/Vivado/2021.2/scripts/rt/data/unisim_comp.v:55204]
INFO: [Synth 8-6155] done synthesizing module 'IBUF' (1#1) [/home_local/Xilinx/Vivado/2021.2/scripts/rt/data/unisim_comp.v:55204]
INFO: [Synth 8-6157] synthesizing module 'MMCME2_ADV' [/home_local/Xilinx/Vivado/2021.2/scripts/rt/data/unisim_comp.v:63510]
	Parameter BANDWIDTH bound to: OPTIMIZED - type: string 
	Parameter CLKFBOUT_MULT_F bound to: 10.000000 - type: double 
	Parameter CLKFBOUT_PHASE bound to: 0.000000 - type: double 
	Parameter CLKFBOUT_USE_FINE_PS bound to: FALSE - type: string 
	Parameter CLKIN1_PERIOD bound to: 10.000000 - type: double 
	Parameter CLKOUT0_DIVIDE_F bound to: 10.000000 - type: double 
	Parameter CLKOUT0_DUTY_CYCLE bound to: 0.500000 - type: double 
	Parameter CLKOUT0_PHASE bound to: 0.000000 - type: double 
	Parameter CLKOUT0_USE_FINE_PS bound to: FALSE - type: string 
	Parameter CLKOUT1_DIVIDE bound to: 25 - type: integer 
	Parameter CLKOUT1_DUTY_CYCLE bound to: 0.500000 - type: double 
	Parameter CLKOUT1_PHASE bound to: 0.000000 - type: double 
	Parameter CLKOUT1_USE_FINE_PS bound to: FALSE - type: string 
	Parameter CLKOUT4_CASCADE bound to: FALSE - type: string 
	Parameter COMPENSATION bound to: ZHOLD - type: string 
	Parameter DIVCLK_DIVIDE bound to: 1 - type: integer 
	Parameter STARTUP_WAIT bound to: FALSE - type: string 
INFO: [Synth 8-6155] done synthesizing module 'MMCME2_ADV' (2#1) [/home_local/Xilinx/Vivado/2021.2/scripts/rt/data/unisim_comp.v:63510]
INFO: [Synth 8-6157] synthesizing module 'BUFG' [/home_local/Xilinx/Vivado/2021.2/scripts/rt/data/unisim_comp.v:1083]
INFO: [Synth 8-6155] done synthesizing module 'BUFG' (3#1) [/home_local/Xilinx/Vivado/2021.2/scripts/rt/data/unisim_comp.v:1083]
INFO: [Synth 8-6157] synthesizing module 'BUFGCE' [/home_local/Xilinx/Vivado/2021.2/scripts/rt/data/unisim_comp.v:1093]
INFO: [Synth 8-6155] done synthesizing module 'BUFGCE' (4#1) [/home_local/Xilinx/Vivado/2021.2/scripts/rt/data/unisim_comp.v:1093]
INFO: [Synth 8-6157] synthesizing module 'BUFH' [/home_local/Xilinx/Vivado/2021.2/scripts/rt/data/unisim_comp.v:1319]
INFO: [Synth 8-6155] done synthesizing module 'BUFH' (5#1) [/home_local/Xilinx/Vivado/2021.2/scripts/rt/data/unisim_comp.v:1319]
INFO: [Synth 8-6155] done synthesizing module 'clk_wiz_0_clk_wiz' (6#1) [/home/student/bzadlo/waurn/13_07_na_gita/lab5/uec2_lab1_2023/fpga/rtl/clk_wiz_0_clk_wiz.v:69]
INFO: [Synth 8-6155] done synthesizing module 'clk_wiz_0' (7#1) [/home/student/bzadlo/waurn/13_07_na_gita/lab5/uec2_lab1_2023/fpga/rtl/clk_wiz_0.v:71]
INFO: [Synth 8-6157] synthesizing module 'ODDR' [/home_local/Xilinx/Vivado/2021.2/scripts/rt/data/unisim_comp.v:74749]
INFO: [Synth 8-6155] done synthesizing module 'ODDR' (8#1) [/home_local/Xilinx/Vivado/2021.2/scripts/rt/data/unisim_comp.v:74749]
INFO: [Synth 8-6157] synthesizing module 'top_vga' [/home/student/bzadlo/waurn/13_07_na_gita/lab5/uec2_lab1_2023/rtl/top_vga.sv:17]
INFO: [Synth 8-6157] synthesizing module 'vga_if' [/home/student/bzadlo/waurn/13_07_na_gita/lab5/uec2_lab1_2023/rtl/vga_if.sv:14]
INFO: [Synth 8-6155] done synthesizing module 'vga_if' (8#1) [/home/student/bzadlo/waurn/13_07_na_gita/lab5/uec2_lab1_2023/rtl/vga_if.sv:14]
INFO: [Synth 8-6157] synthesizing module 'vga_if' [/home/student/bzadlo/waurn/13_07_na_gita/lab5/uec2_lab1_2023/rtl/vga_if.sv:14]
INFO: [Synth 8-6155] done synthesizing module 'vga_if' (8#1) [/home/student/bzadlo/waurn/13_07_na_gita/lab5/uec2_lab1_2023/rtl/vga_if.sv:14]
INFO: [Synth 8-6157] synthesizing module 'vga_if' [/home/student/bzadlo/waurn/13_07_na_gita/lab5/uec2_lab1_2023/rtl/vga_if.sv:14]
INFO: [Synth 8-6155] done synthesizing module 'vga_if' (8#1) [/home/student/bzadlo/waurn/13_07_na_gita/lab5/uec2_lab1_2023/rtl/vga_if.sv:14]
INFO: [Synth 8-6157] synthesizing module 'vga_if' [/home/student/bzadlo/waurn/13_07_na_gita/lab5/uec2_lab1_2023/rtl/vga_if.sv:14]
INFO: [Synth 8-6155] done synthesizing module 'vga_if' (8#1) [/home/student/bzadlo/waurn/13_07_na_gita/lab5/uec2_lab1_2023/rtl/vga_if.sv:14]
INFO: [Synth 8-6157] synthesizing module 'vga_if' [/home/student/bzadlo/waurn/13_07_na_gita/lab5/uec2_lab1_2023/rtl/vga_if.sv:14]
INFO: [Synth 8-6155] done synthesizing module 'vga_if' (8#1) [/home/student/bzadlo/waurn/13_07_na_gita/lab5/uec2_lab1_2023/rtl/vga_if.sv:14]
INFO: [Synth 8-6157] synthesizing module 'vga_timing' [/home/student/bzadlo/waurn/13_07_na_gita/lab5/uec2_lab1_2023/rtl/vga_timing.sv:12]
INFO: [Synth 8-6155] done synthesizing module 'vga_timing' (9#1) [/home/student/bzadlo/waurn/13_07_na_gita/lab5/uec2_lab1_2023/rtl/vga_timing.sv:12]
INFO: [Synth 8-6157] synthesizing module 'draw_bg' [/home/student/bzadlo/waurn/13_07_na_gita/lab5/uec2_lab1_2023/rtl/draw_bg.sv:14]
INFO: [Synth 8-6155] done synthesizing module 'draw_bg' (10#1) [/home/student/bzadlo/waurn/13_07_na_gita/lab5/uec2_lab1_2023/rtl/draw_bg.sv:14]
INFO: [Synth 8-638] synthesizing module 'MouseCtl' [/home/student/bzadlo/waurn/13_07_na_gita/lab5/uec2_lab1_2023/rtl/MouseCtl.vhd:207]
INFO: [Synth 8-3491] module 'Ps2Interface' declared at '/home/student/bzadlo/waurn/13_07_na_gita/lab5/uec2_lab1_2023/fpga/rtl/Ps2Interface.vhd:152' bound to instance 'Inst_Ps2Interface' of component 'Ps2Interface' [/home/student/bzadlo/waurn/13_07_na_gita/lab5/uec2_lab1_2023/rtl/MouseCtl.vhd:369]
INFO: [Synth 8-638] synthesizing module 'Ps2Interface' [/home/student/bzadlo/waurn/13_07_na_gita/lab5/uec2_lab1_2023/fpga/rtl/Ps2Interface.vhd:180]
INFO: [Synth 8-256] done synthesizing module 'Ps2Interface' (11#1) [/home/student/bzadlo/waurn/13_07_na_gita/lab5/uec2_lab1_2023/fpga/rtl/Ps2Interface.vhd:180]
WARNING: [Synth 8-6014] Unused sequential element set_x.inc_reg was removed.  [/home/student/bzadlo/waurn/13_07_na_gita/lab5/uec2_lab1_2023/rtl/MouseCtl.vhd:450]
WARNING: [Synth 8-6014] Unused sequential element set_x.x_inter_reg was removed.  [/home/student/bzadlo/waurn/13_07_na_gita/lab5/uec2_lab1_2023/rtl/MouseCtl.vhd:456]
WARNING: [Synth 8-6014] Unused sequential element set_y.inc_reg was removed.  [/home/student/bzadlo/waurn/13_07_na_gita/lab5/uec2_lab1_2023/rtl/MouseCtl.vhd:514]
WARNING: [Synth 8-6014] Unused sequential element set_y.y_inter_reg was removed.  [/home/student/bzadlo/waurn/13_07_na_gita/lab5/uec2_lab1_2023/rtl/MouseCtl.vhd:520]
INFO: [Synth 8-256] done synthesizing module 'MouseCtl' (12#1) [/home/student/bzadlo/waurn/13_07_na_gita/lab5/uec2_lab1_2023/rtl/MouseCtl.vhd:207]
WARNING: [Synth 8-7071] port 'zpos' of module 'MouseCtl' is unconnected for instance 'u_MouseCtl' [/home/student/bzadlo/waurn/13_07_na_gita/lab5/uec2_lab1_2023/rtl/top_vga.sv:84]
WARNING: [Synth 8-7071] port 'middle' of module 'MouseCtl' is unconnected for instance 'u_MouseCtl' [/home/student/bzadlo/waurn/13_07_na_gita/lab5/uec2_lab1_2023/rtl/top_vga.sv:84]
WARNING: [Synth 8-7071] port 'new_event' of module 'MouseCtl' is unconnected for instance 'u_MouseCtl' [/home/student/bzadlo/waurn/13_07_na_gita/lab5/uec2_lab1_2023/rtl/top_vga.sv:84]
WARNING: [Synth 8-7071] port 'value' of module 'MouseCtl' is unconnected for instance 'u_MouseCtl' [/home/student/bzadlo/waurn/13_07_na_gita/lab5/uec2_lab1_2023/rtl/top_vga.sv:84]
WARNING: [Synth 8-7071] port 'setx' of module 'MouseCtl' is unconnected for instance 'u_MouseCtl' [/home/student/bzadlo/waurn/13_07_na_gita/lab5/uec2_lab1_2023/rtl/top_vga.sv:84]
WARNING: [Synth 8-7071] port 'sety' of module 'MouseCtl' is unconnected for instance 'u_MouseCtl' [/home/student/bzadlo/waurn/13_07_na_gita/lab5/uec2_lab1_2023/rtl/top_vga.sv:84]
WARNING: [Synth 8-7071] port 'setmax_x' of module 'MouseCtl' is unconnected for instance 'u_MouseCtl' [/home/student/bzadlo/waurn/13_07_na_gita/lab5/uec2_lab1_2023/rtl/top_vga.sv:84]
WARNING: [Synth 8-7071] port 'setmax_y' of module 'MouseCtl' is unconnected for instance 'u_MouseCtl' [/home/student/bzadlo/waurn/13_07_na_gita/lab5/uec2_lab1_2023/rtl/top_vga.sv:84]
WARNING: [Synth 8-7023] instance 'u_MouseCtl' of module 'MouseCtl' has 16 connections declared, but only 8 given [/home/student/bzadlo/waurn/13_07_na_gita/lab5/uec2_lab1_2023/rtl/top_vga.sv:84]
INFO: [Synth 8-6157] synthesizing module 'draw_rect' [/home/student/bzadlo/waurn/13_07_na_gita/lab5/uec2_lab1_2023/rtl/draw_rect.sv:13]
WARNING: [Synth 8-6014] Unused sequential element rgb_nxt_reg was removed.  [/home/student/bzadlo/waurn/13_07_na_gita/lab5/uec2_lab1_2023/rtl/draw_rect.sv:76]
WARNING: [Synth 8-6014] Unused sequential element xpos_nxt_reg was removed.  [/home/student/bzadlo/waurn/13_07_na_gita/lab5/uec2_lab1_2023/rtl/draw_rect.sv:77]
WARNING: [Synth 8-6014] Unused sequential element ypos_nxt_reg was removed.  [/home/student/bzadlo/waurn/13_07_na_gita/lab5/uec2_lab1_2023/rtl/draw_rect.sv:78]
WARNING: [Synth 8-6014] Unused sequential element rgb_nxt2_reg was removed.  [/home/student/bzadlo/waurn/13_07_na_gita/lab5/uec2_lab1_2023/rtl/draw_rect.sv:98]
WARNING: [Synth 8-6014] Unused sequential element xpos_nxt2_reg was removed.  [/home/student/bzadlo/waurn/13_07_na_gita/lab5/uec2_lab1_2023/rtl/draw_rect.sv:99]
WARNING: [Synth 8-6014] Unused sequential element ypos_nxt2_reg was removed.  [/home/student/bzadlo/waurn/13_07_na_gita/lab5/uec2_lab1_2023/rtl/draw_rect.sv:100]
INFO: [Synth 8-6155] done synthesizing module 'draw_rect' (13#1) [/home/student/bzadlo/waurn/13_07_na_gita/lab5/uec2_lab1_2023/rtl/draw_rect.sv:13]
INFO: [Synth 8-6157] synthesizing module 'draw_mouse' [/home/student/bzadlo/waurn/13_07_na_gita/lab5/uec2_lab1_2023/rtl/draw_mouse.sv:13]
INFO: [Synth 8-638] synthesizing module 'MouseDisplay' [/home/student/bzadlo/waurn/13_07_na_gita/lab5/uec2_lab1_2023/rtl/MouseDisplay.vhd:119]
INFO: [Synth 8-256] done synthesizing module 'MouseDisplay' (14#1) [/home/student/bzadlo/waurn/13_07_na_gita/lab5/uec2_lab1_2023/rtl/MouseDisplay.vhd:119]
WARNING: [Synth 8-7071] port 'enable_mouse_display_out' of module 'MouseDisplay' is unconnected for instance 'u_MouseDisplay' [/home/student/bzadlo/waurn/13_07_na_gita/lab5/uec2_lab1_2023/rtl/draw_mouse.sv:52]
WARNING: [Synth 8-7023] instance 'u_MouseDisplay' of module 'MouseDisplay' has 9 connections declared, but only 8 given [/home/student/bzadlo/waurn/13_07_na_gita/lab5/uec2_lab1_2023/rtl/draw_mouse.sv:52]
INFO: [Synth 8-6155] done synthesizing module 'draw_mouse' (15#1) [/home/student/bzadlo/waurn/13_07_na_gita/lab5/uec2_lab1_2023/rtl/draw_mouse.sv:13]
INFO: [Synth 8-6157] synthesizing module 'image_rom' [/home/student/bzadlo/waurn/13_07_na_gita/lab5/uec2_lab1_2023/rtl/image_rom.sv:16]
INFO: [Synth 8-3876] $readmem data file '../../rtl/picture/image_rom.data' is read successfully [/home/student/bzadlo/waurn/13_07_na_gita/lab5/uec2_lab1_2023/rtl/image_rom.sv:35]
INFO: [Synth 8-6155] done synthesizing module 'image_rom' (16#1) [/home/student/bzadlo/waurn/13_07_na_gita/lab5/uec2_lab1_2023/rtl/image_rom.sv:16]
INFO: [Synth 8-6157] synthesizing module 'draw_rect_ctl' [/home/student/bzadlo/waurn/13_07_na_gita/lab5/uec2_lab1_2023/rtl/draw_rect_ctl.sv:3]
WARNING: [Synth 8-87] always_comb on 'state_nxt_reg' did not result in combinational logic [/home/student/bzadlo/waurn/13_07_na_gita/lab5/uec2_lab1_2023/rtl/draw_rect_ctl.sv:48]
WARNING: [Synth 8-87] always_comb on 'ypos_nxt_reg' did not result in combinational logic [/home/student/bzadlo/waurn/13_07_na_gita/lab5/uec2_lab1_2023/rtl/draw_rect_ctl.sv:49]
WARNING: [Synth 8-87] always_comb on 'stop_reg' did not result in combinational logic [/home/student/bzadlo/waurn/13_07_na_gita/lab5/uec2_lab1_2023/rtl/draw_rect_ctl.sv:47]
INFO: [Synth 8-6155] done synthesizing module 'draw_rect_ctl' (17#1) [/home/student/bzadlo/waurn/13_07_na_gita/lab5/uec2_lab1_2023/rtl/draw_rect_ctl.sv:3]
INFO: [Synth 8-6157] synthesizing module 'draw_obstacle_ctl' [/home/student/bzadlo/waurn/13_07_na_gita/lab5/uec2_lab1_2023/rtl/draw_obstacle_ctl.sv:3]
WARNING: [Synth 8-87] always_comb on 'xpos_nxt_reg' did not result in combinational logic [/home/student/bzadlo/waurn/13_07_na_gita/lab5/uec2_lab1_2023/rtl/draw_obstacle_ctl.sv:43]
INFO: [Synth 8-6155] done synthesizing module 'draw_obstacle_ctl' (18#1) [/home/student/bzadlo/waurn/13_07_na_gita/lab5/uec2_lab1_2023/rtl/draw_obstacle_ctl.sv:3]
INFO: [Synth 8-6157] synthesizing module 'draw_obstacle' [/home/student/bzadlo/waurn/13_07_na_gita/lab5/uec2_lab1_2023/rtl/draw_obstacle.sv:3]
WARNING: [Synth 8-639] system function call 'urandom_range' not supported [/home/student/bzadlo/waurn/13_07_na_gita/lab5/uec2_lab1_2023/rtl/draw_obstacle.sv:31]
WARNING: [Synth 8-639] system function call 'urandom_range' not supported [/home/student/bzadlo/waurn/13_07_na_gita/lab5/uec2_lab1_2023/rtl/draw_obstacle.sv:32]
WARNING: [Synth 8-639] system function call 'urandom_range' not supported [/home/student/bzadlo/waurn/13_07_na_gita/lab5/uec2_lab1_2023/rtl/draw_obstacle.sv:47]
WARNING: [Synth 8-639] system function call 'urandom_range' not supported [/home/student/bzadlo/waurn/13_07_na_gita/lab5/uec2_lab1_2023/rtl/draw_obstacle.sv:48]
INFO: [Synth 8-6155] done synthesizing module 'draw_obstacle' (19#1) [/home/student/bzadlo/waurn/13_07_na_gita/lab5/uec2_lab1_2023/rtl/draw_obstacle.sv:3]
WARNING: [Synth 8-3848] Net xpos in module/entity top_vga does not have driver. [/home/student/bzadlo/waurn/13_07_na_gita/lab5/uec2_lab1_2023/rtl/top_vga.sv:44]
WARNING: [Synth 8-3848] Net ypos in module/entity top_vga does not have driver. [/home/student/bzadlo/waurn/13_07_na_gita/lab5/uec2_lab1_2023/rtl/top_vga.sv:45]
WARNING: [Synth 8-3848] Net pixel_address in module/entity top_vga does not have driver. [/home/student/bzadlo/waurn/13_07_na_gita/lab5/uec2_lab1_2023/rtl/top_vga.sv:49]
INFO: [Synth 8-6155] done synthesizing module 'top_vga' (20#1) [/home/student/bzadlo/waurn/13_07_na_gita/lab5/uec2_lab1_2023/rtl/top_vga.sv:17]
INFO: [Synth 8-6155] done synthesizing module 'top_vga_basys3' (21#1) [/home/student/bzadlo/waurn/13_07_na_gita/lab5/uec2_lab1_2023/fpga/rtl/top_vga_basys3.sv:17]
WARNING: [Synth 8-7129] Port in\.rgb[11] in module draw_bg is either unconnected or has no load
WARNING: [Synth 8-7129] Port in\.rgb[10] in module draw_bg is either unconnected or has no load
WARNING: [Synth 8-7129] Port in\.rgb[9] in module draw_bg is either unconnected or has no load
WARNING: [Synth 8-7129] Port in\.rgb[8] in module draw_bg is either unconnected or has no load
WARNING: [Synth 8-7129] Port in\.rgb[7] in module draw_bg is either unconnected or has no load
WARNING: [Synth 8-7129] Port in\.rgb[6] in module draw_bg is either unconnected or has no load
WARNING: [Synth 8-7129] Port in\.rgb[5] in module draw_bg is either unconnected or has no load
WARNING: [Synth 8-7129] Port in\.rgb[4] in module draw_bg is either unconnected or has no load
WARNING: [Synth 8-7129] Port in\.rgb[3] in module draw_bg is either unconnected or has no load
WARNING: [Synth 8-7129] Port in\.rgb[2] in module draw_bg is either unconnected or has no load
WARNING: [Synth 8-7129] Port in\.rgb[1] in module draw_bg is either unconnected or has no load
WARNING: [Synth 8-7129] Port in\.rgb[0] in module draw_bg is either unconnected or has no load
---------------------------------------------------------------------------------
Finished RTL Elaboration : Time (s): cpu = 00:00:04 ; elapsed = 00:00:06 . Memory (MB): peak = 2717.816 ; gain = 0.000 ; free physical = 1236 ; free virtual = 12236
---------------------------------------------------------------------------------
---------------------------------------------------------------------------------
Start Handling Custom Attributes
---------------------------------------------------------------------------------
---------------------------------------------------------------------------------
Finished Handling Custom Attributes : Time (s): cpu = 00:00:05 ; elapsed = 00:00:07 . Memory (MB): peak = 2717.816 ; gain = 0.000 ; free physical = 1236 ; free virtual = 12236
---------------------------------------------------------------------------------
---------------------------------------------------------------------------------
Finished RTL Optimization Phase 1 : Time (s): cpu = 00:00:05 ; elapsed = 00:00:07 . Memory (MB): peak = 2717.816 ; gain = 0.000 ; free physical = 1236 ; free virtual = 12236
---------------------------------------------------------------------------------
Netlist sorting complete. Time (s): cpu = 00:00:00.01 ; elapsed = 00:00:00.01 . Memory (MB): peak = 2717.816 ; gain = 0.000 ; free physical = 1228 ; free virtual = 12229
WARNING: [Netlist 29-345] The value of SIM_DEVICE on instance 'my_clk_wiz_0/inst/clkout1_buf' of type 'BUFGCE' is 'ULTRASCALE'; it is being changed to match the current FPGA architecture, '7SERIES'. For functional simulation to match hardware behavior, the value of SIM_DEVICE should be changed in the source netlist. 
WARNING: [Netlist 29-345] The value of SIM_DEVICE on instance 'my_clk_wiz_0/inst/clkout2_buf' of type 'BUFGCE' is 'ULTRASCALE'; it is being changed to match the current FPGA architecture, '7SERIES'. For functional simulation to match hardware behavior, the value of SIM_DEVICE should be changed in the source netlist. 
INFO: [Netlist 29-17] Analyzing 4 Unisim elements for replacement
INFO: [Netlist 29-28] Unisim Transformation completed in 0 CPU seconds
INFO: [Project 1-570] Preparing netlist for logic optimization

Processing XDC Constraints
Initializing timing engine
Parsing XDC File [/home/student/bzadlo/waurn/13_07_na_gita/lab5/uec2_lab1_2023/fpga/constraints/top_vga_basys3.xdc]
Finished Parsing XDC File [/home/student/bzadlo/waurn/13_07_na_gita/lab5/uec2_lab1_2023/fpga/constraints/top_vga_basys3.xdc]
INFO: [Project 1-236] Implementation specific constraints were found while reading constraint file [/home/student/bzadlo/waurn/13_07_na_gita/lab5/uec2_lab1_2023/fpga/constraints/top_vga_basys3.xdc]. These constraints will be ignored for synthesis but will be used in implementation. Impacted constraints are listed in the file [.Xil/top_vga_basys3_propImpl.xdc].
Resolution: To avoid this warning, move constraints listed in [.Xil/top_vga_basys3_propImpl.xdc] to another XDC file and exclude this new file from synthesis with the used_in_synthesis property (File Properties dialog in GUI) and re-run elaboration/synthesis.
Parsing XDC File [/home/student/bzadlo/waurn/13_07_na_gita/lab5/uec2_lab1_2023/fpga/constraints/clk_wiz_0.xdc]
Finished Parsing XDC File [/home/student/bzadlo/waurn/13_07_na_gita/lab5/uec2_lab1_2023/fpga/constraints/clk_wiz_0.xdc]
INFO: [Project 1-236] Implementation specific constraints were found while reading constraint file [/home/student/bzadlo/waurn/13_07_na_gita/lab5/uec2_lab1_2023/fpga/constraints/clk_wiz_0.xdc]. These constraints will be ignored for synthesis but will be used in implementation. Impacted constraints are listed in the file [.Xil/top_vga_basys3_propImpl.xdc].
Resolution: To avoid this warning, move constraints listed in [.Xil/top_vga_basys3_propImpl.xdc] to another XDC file and exclude this new file from synthesis with the used_in_synthesis property (File Properties dialog in GUI) and re-run elaboration/synthesis.
Parsing XDC File [/home/student/bzadlo/waurn/13_07_na_gita/lab5/uec2_lab1_2023/fpga/constraints/clk_wiz_0_late.xdc]
Finished Parsing XDC File [/home/student/bzadlo/waurn/13_07_na_gita/lab5/uec2_lab1_2023/fpga/constraints/clk_wiz_0_late.xdc]
INFO: [Timing 38-2] Deriving generated clocks
Completed Processing XDC Constraints

Netlist sorting complete. Time (s): cpu = 00:00:00 ; elapsed = 00:00:00 . Memory (MB): peak = 2781.727 ; gain = 0.000 ; free physical = 1124 ; free virtual = 12124
INFO: [Project 1-111] Unisim Transformation Summary:
  A total of 2 instances were transformed.
  BUFGCE => BUFGCTRL: 2 instances

Constraint Validation Runtime : Time (s): cpu = 00:00:00 ; elapsed = 00:00:00.01 . Memory (MB): peak = 2781.727 ; gain = 0.000 ; free physical = 1124 ; free virtual = 12124
---------------------------------------------------------------------------------
Finished Constraint Validation : Time (s): cpu = 00:00:10 ; elapsed = 00:00:13 . Memory (MB): peak = 2781.727 ; gain = 63.910 ; free physical = 1207 ; free virtual = 12207
---------------------------------------------------------------------------------
---------------------------------------------------------------------------------
Start Loading Part and Timing Information
---------------------------------------------------------------------------------
Loading part: xc7a35tcpg236-1
---------------------------------------------------------------------------------
Finished Loading Part and Timing Information : Time (s): cpu = 00:00:10 ; elapsed = 00:00:13 . Memory (MB): peak = 2781.727 ; gain = 63.910 ; free physical = 1207 ; free virtual = 12207
---------------------------------------------------------------------------------
---------------------------------------------------------------------------------
Start Applying 'set_property' XDC Constraints
---------------------------------------------------------------------------------
---------------------------------------------------------------------------------
Finished applying 'set_property' XDC Constraints : Time (s): cpu = 00:00:10 ; elapsed = 00:00:13 . Memory (MB): peak = 2781.727 ; gain = 63.910 ; free physical = 1202 ; free virtual = 12202
---------------------------------------------------------------------------------
INFO: [Synth 8-802] inferred FSM for state register 'state_reg' in module 'Ps2Interface'
INFO: [Synth 8-802] inferred FSM for state register 'state_reg' in module 'MouseCtl'
INFO: [Synth 8-802] inferred FSM for state register 'state_reg' in module 'draw_rect_ctl'
INFO: [Synth 8-802] inferred FSM for state register 'state_reg' in module 'draw_obstacle_ctl'
---------------------------------------------------------------------------------------------------
                   State |                     New Encoding |                Previous Encoding 
---------------------------------------------------------------------------------------------------
                    idle |                00000000000000001 |                            00000
            rx_down_edge |                00000000000000010 |                            00011
                rx_clk_l |                00000000000000100 |                            00010
                rx_clk_h |                00000000000001000 |                            00001
         rx_error_parity |                00000000000010000 |                            00100
           rx_data_ready |                00000000000100000 |                            00101
          tx_force_clk_l |                00000000001000000 |                            00110
      tx_bring_data_down |                00000000010000000 |                            00111
          tx_release_clk |                00000000100000000 |                            01000
 tx_first_wait_down_edge |                00000001000000000 |                            01001
                tx_clk_l |                00000010000000000 |                            01010
         tx_wait_up_edge |                00000100000000000 |                            01011
tx_wait_up_edge_before_ack |                00001000000000000 |                            01101
             tx_wait_ack |                00010000000000000 |                            01110
         tx_received_ack |                00100000000000000 |                            01111
         tx_error_no_ack |                01000000000000000 |                            10000
                tx_clk_h |                10000000000000000 |                            01100
---------------------------------------------------------------------------------------------------
INFO: [Synth 8-3354] encoded FSM with state register 'state_reg' using encoding 'one-hot' in module 'Ps2Interface'
---------------------------------------------------------------------------------------------------
                   State |                     New Encoding |                Previous Encoding 
---------------------------------------------------------------------------------------------------
                   reset | 0000000000000000000000000000000000001 |                           000000
          reset_wait_ack | 0000000000000000000000000000000000010 |                           000001
reset_wait_bat_completion | 0000000000000000000000000000000000100 |                           000010
           reset_wait_id | 0000000000000000000000000000000001000 |                           000011
reset_set_sample_rate_200 | 0000000000000000000000000000000010000 |                           000100
reset_set_sample_rate_200_wait_ack | 0000000000000000000000000000000100000 |                           000101
reset_send_sample_rate_200 | 0000000000000000000000000000001000000 |                           000110
reset_send_sample_rate_200_wait_ack | 0000000000000000000000000000010000000 |                           000111
reset_set_sample_rate_100 | 0000000000000000000000000000100000000 |                           001000
reset_set_sample_rate_100_wait_ack | 0000000000000000000000000001000000000 |                           001001
reset_send_sample_rate_100 | 0000000000000000000000000010000000000 |                           001010
reset_send_sample_rate_100_wait_ack | 0000000000000000000000000100000000000 |                           001011
reset_set_sample_rate_80 | 0000000000000000000000001000000000000 |                           001100
reset_set_sample_rate_80_wait_ack | 0000000000000000000000010000000000000 |                           001101
reset_send_sample_rate_80 | 0000000000000000000000100000000000000 |                           001110
reset_send_sample_rate_80_wait_ack | 0000000000000000000001000000000000000 |                           001111
           reset_read_id | 0000000000000000000010000000000000000 |                           010000
  reset_read_id_wait_ack | 0000000000000000000100000000000000000 |                           010001
   reset_read_id_wait_id | 0000000000000000001000000000000000000 |                           010010
    reset_set_resolution | 0000000000000000010000000000000000000 |                           010011
reset_set_resolution_wait_ack | 0000000000000000100000000000000000000 |                           010100
   reset_send_resolution | 0000000000000001000000000000000000000 |                           010101
reset_send_resolution_wait_ack | 0000000000000010000000000000000000000 |                           010110
reset_set_sample_rate_40 | 0000000000000100000000000000000000000 |                           010111
reset_set_sample_rate_40_wait_ack | 0000000000001000000000000000000000000 |                           011000
reset_send_sample_rate_40 | 0000000000010000000000000000000000000 |                           011001
reset_send_sample_rate_40_wait_ack | 0000000000100000000000000000000000000 |                           011010
  reset_enable_reporting | 0000000001000000000000000000000000000 |                           011011
reset_enable_reporting_wait_ack | 0000000010000000000000000000000000000 |                           011100
             read_byte_1 | 0000000100000000000000000000000000000 |                           011101
             read_byte_2 | 0000001000000000000000000000000000000 |                           011110
             read_byte_3 | 0000010000000000000000000000000000000 |                           011111
             read_byte_4 | 0000100000000000000000000000000000000 |                           100000
          mark_new_event | 0001000000000000000000000000000000000 |                           100100
           check_read_id | 0010000000000000000000000000000000000 |                           100001
  check_read_id_wait_ack | 0100000000000000000000000000000000000 |                           100010
   check_read_id_wait_id | 1000000000000000000000000000000000000 |                           100011
---------------------------------------------------------------------------------------------------
INFO: [Synth 8-3354] encoded FSM with state register 'state_reg' using encoding 'one-hot' in module 'MouseCtl'
WARNING: [Synth 8-327] inferring latch for variable 'ypos_nxt_reg' [/home/student/bzadlo/waurn/13_07_na_gita/lab5/uec2_lab1_2023/rtl/draw_rect_ctl.sv:49]
WARNING: [Synth 8-327] inferring latch for variable 'FSM_sequential_state_nxt_reg' [/home/student/bzadlo/waurn/13_07_na_gita/lab5/uec2_lab1_2023/rtl/draw_rect_ctl.sv:48]
WARNING: [Synth 8-327] inferring latch for variable 'FSM_onehot_state_nxt_reg' [/home/student/bzadlo/waurn/13_07_na_gita/lab5/uec2_lab1_2023/rtl/draw_rect_ctl.sv:48]
---------------------------------------------------------------------------------------------------
                   State |                     New Encoding |                Previous Encoding 
---------------------------------------------------------------------------------------------------
                    IDLE |                              001 |                              000
                    DOWN |                              010 |                              001
                      UP |                              100 |                              010
---------------------------------------------------------------------------------------------------
INFO: [Synth 8-3354] encoded FSM with state register 'state_reg' using encoding 'one-hot' in module 'draw_rect_ctl'
WARNING: [Synth 8-327] inferring latch for variable 'FSM_onehot_state_nxt_reg' [/home/student/bzadlo/waurn/13_07_na_gita/lab5/uec2_lab1_2023/rtl/draw_rect_ctl.sv:48]
WARNING: [Synth 8-327] inferring latch for variable 'stop_reg' [/home/student/bzadlo/waurn/13_07_na_gita/lab5/uec2_lab1_2023/rtl/draw_rect_ctl.sv:47]
WARNING: [Synth 8-327] inferring latch for variable 'xpos_nxt_reg' [/home/student/bzadlo/waurn/13_07_na_gita/lab5/uec2_lab1_2023/rtl/draw_obstacle_ctl.sv:43]
---------------------------------------------------------------------------------------------------
                   State |                     New Encoding |                Previous Encoding 
---------------------------------------------------------------------------------------------------
                    IDLE |                                0 |                              000
                   START |                                1 |                              001
---------------------------------------------------------------------------------------------------
INFO: [Synth 8-3354] encoded FSM with state register 'state_reg' using encoding 'sequential' in module 'draw_obstacle_ctl'
---------------------------------------------------------------------------------
Finished RTL Optimization Phase 2 : Time (s): cpu = 00:00:12 ; elapsed = 00:00:15 . Memory (MB): peak = 2781.727 ; gain = 63.910 ; free physical = 1200 ; free virtual = 12202
---------------------------------------------------------------------------------
---------------------------------------------------------------------------------
Start RTL Component Statistics 
---------------------------------------------------------------------------------
Detailed RTL Component Info : 
+---Adders : 
	   2 Input   26 Bit       Adders := 1     
	   2 Input   24 Bit       Adders := 1     
	   2 Input   22 Bit       Adders := 2     
	   2 Input   13 Bit       Adders := 3     
	   3 Input   13 Bit       Adders := 2     
	   2 Input   12 Bit       Adders := 6     
	   2 Input   11 Bit       Adders := 6     
	   2 Input    8 Bit       Adders := 1     
	   2 Input    7 Bit       Adders := 1     
	   3 Input    6 Bit       Adders := 2     
	   2 Input    4 Bit       Adders := 3     
	   3 Input    4 Bit       Adders := 2     
+---Registers : 
	               26 Bit    Registers := 1     
	               25 Bit    Registers := 2     
	               24 Bit    Registers := 1     
	               12 Bit    Registers := 16    
	               11 Bit    Registers := 16    
	               10 Bit    Registers := 1     
	                8 Bit    Registers := 6     
	                7 Bit    Registers := 1     
	                4 Bit    Registers := 4     
	                1 Bit    Registers := 63    
+---ROMs : 
	                    ROMs := 1     
+---Muxes : 
	  37 Input   37 Bit        Muxes := 1     
	   2 Input   37 Bit        Muxes := 69    
	   2 Input   26 Bit        Muxes := 1     
	   2 Input   24 Bit        Muxes := 1     
	   2 Input   22 Bit        Muxes := 2     
	  17 Input   17 Bit        Muxes := 1     
	   2 Input   17 Bit        Muxes := 18    
	   3 Input   12 Bit        Muxes := 2     
	   2 Input   12 Bit        Muxes := 17    
	  13 Input   12 Bit        Muxes := 1     
	   2 Input   11 Bit        Muxes := 7     
	   3 Input   11 Bit        Muxes := 1     
	   2 Input    9 Bit        Muxes := 2     
	  37 Input    8 Bit        Muxes := 3     
	  37 Input    4 Bit        Muxes := 1     
	   3 Input    3 Bit        Muxes := 1     
	   2 Input    3 Bit        Muxes := 3     
	   3 Input    2 Bit        Muxes := 2     
	   2 Input    1 Bit        Muxes := 13    
	  17 Input    1 Bit        Muxes := 4     
	  37 Input    1 Bit        Muxes := 20    
	   3 Input    1 Bit        Muxes := 6     
---------------------------------------------------------------------------------
Finished RTL Component Statistics 
---------------------------------------------------------------------------------
---------------------------------------------------------------------------------
Start Part Resource Summary
---------------------------------------------------------------------------------
Part Resources:
DSPs: 90 (col length:60)
BRAMs: 100 (col length: RAMB18 60 RAMB36 30)
---------------------------------------------------------------------------------
Finished Part Resource Summary
---------------------------------------------------------------------------------
---------------------------------------------------------------------------------
Start Cross Boundary and Area Optimization
---------------------------------------------------------------------------------
WARNING: [Synth 8-7080] Parallel synthesis criteria is not met
WARNING: [Synth 8-7129] Port in\.rgb[11] in module draw_bg is either unconnected or has no load
WARNING: [Synth 8-7129] Port in\.rgb[10] in module draw_bg is either unconnected or has no load
WARNING: [Synth 8-7129] Port in\.rgb[9] in module draw_bg is either unconnected or has no load
WARNING: [Synth 8-7129] Port in\.rgb[8] in module draw_bg is either unconnected or has no load
WARNING: [Synth 8-7129] Port in\.rgb[7] in module draw_bg is either unconnected or has no load
WARNING: [Synth 8-7129] Port in\.rgb[6] in module draw_bg is either unconnected or has no load
WARNING: [Synth 8-7129] Port in\.rgb[5] in module draw_bg is either unconnected or has no load
WARNING: [Synth 8-7129] Port in\.rgb[4] in module draw_bg is either unconnected or has no load
WARNING: [Synth 8-7129] Port in\.rgb[3] in module draw_bg is either unconnected or has no load
WARNING: [Synth 8-7129] Port in\.rgb[2] in module draw_bg is either unconnected or has no load
WARNING: [Synth 8-7129] Port in\.rgb[1] in module draw_bg is either unconnected or has no load
WARNING: [Synth 8-7129] Port in\.rgb[0] in module draw_bg is either unconnected or has no load
---------------------------------------------------------------------------------
Finished Cross Boundary and Area Optimization : Time (s): cpu = 00:00:15 ; elapsed = 00:00:19 . Memory (MB): peak = 2781.727 ; gain = 63.910 ; free physical = 1172 ; free virtual = 12180
---------------------------------------------------------------------------------
---------------------------------------------------------------------------------
Start ROM, RAM, DSP, Shift Register and Retiming Reporting
---------------------------------------------------------------------------------

ROM: Preliminary Mapping Report
+-------------+----------------------------+---------------+----------------+
|Module Name  | RTL Object                 | Depth x Width | Implemented As | 
+-------------+----------------------------+---------------+----------------+
|MouseDisplay | mouserom[0]                | 256x2         | LUT            | 
|draw_mouse   | u_MouseDisplay/mouserom[0] | 256x2         | LUT            | 
+-------------+----------------------------+---------------+----------------+

---------------------------------------------------------------------------------
Finished ROM, RAM, DSP, Shift Register and Retiming Reporting
---------------------------------------------------------------------------------
---------------------------------------------------------------------------------
Start Applying XDC Timing Constraints
---------------------------------------------------------------------------------
---------------------------------------------------------------------------------
Finished Applying XDC Timing Constraints : Time (s): cpu = 00:00:19 ; elapsed = 00:00:23 . Memory (MB): peak = 2781.727 ; gain = 63.910 ; free physical = 1064 ; free virtual = 12071
---------------------------------------------------------------------------------
---------------------------------------------------------------------------------
Start Timing Optimization
---------------------------------------------------------------------------------
---------------------------------------------------------------------------------
Finished Timing Optimization : Time (s): cpu = 00:00:20 ; elapsed = 00:00:24 . Memory (MB): peak = 2781.727 ; gain = 63.910 ; free physical = 1063 ; free virtual = 12070
---------------------------------------------------------------------------------
---------------------------------------------------------------------------------
Start Technology Mapping
---------------------------------------------------------------------------------
---------------------------------------------------------------------------------
Finished Technology Mapping : Time (s): cpu = 00:00:20 ; elapsed = 00:00:24 . Memory (MB): peak = 2781.727 ; gain = 63.910 ; free physical = 1060 ; free virtual = 12068
---------------------------------------------------------------------------------
---------------------------------------------------------------------------------
Start IO Insertion
---------------------------------------------------------------------------------
---------------------------------------------------------------------------------
Start Flattening Before IO Insertion
---------------------------------------------------------------------------------
---------------------------------------------------------------------------------
Finished Flattening Before IO Insertion
---------------------------------------------------------------------------------
---------------------------------------------------------------------------------
Start Final Netlist Cleanup
---------------------------------------------------------------------------------
---------------------------------------------------------------------------------
Finished Final Netlist Cleanup
---------------------------------------------------------------------------------
---------------------------------------------------------------------------------
Finished IO Insertion : Time (s): cpu = 00:00:23 ; elapsed = 00:00:27 . Memory (MB): peak = 2781.727 ; gain = 63.910 ; free physical = 1065 ; free virtual = 12072
---------------------------------------------------------------------------------
---------------------------------------------------------------------------------
Start Renaming Generated Instances
---------------------------------------------------------------------------------
---------------------------------------------------------------------------------
Finished Renaming Generated Instances : Time (s): cpu = 00:00:23 ; elapsed = 00:00:27 . Memory (MB): peak = 2781.727 ; gain = 63.910 ; free physical = 1065 ; free virtual = 12072
---------------------------------------------------------------------------------
---------------------------------------------------------------------------------
Start Rebuilding User Hierarchy
---------------------------------------------------------------------------------
---------------------------------------------------------------------------------
Finished Rebuilding User Hierarchy : Time (s): cpu = 00:00:23 ; elapsed = 00:00:27 . Memory (MB): peak = 2781.727 ; gain = 63.910 ; free physical = 1065 ; free virtual = 12072
---------------------------------------------------------------------------------
---------------------------------------------------------------------------------
Start Renaming Generated Ports
---------------------------------------------------------------------------------
---------------------------------------------------------------------------------
Finished Renaming Generated Ports : Time (s): cpu = 00:00:23 ; elapsed = 00:00:27 . Memory (MB): peak = 2781.727 ; gain = 63.910 ; free physical = 1065 ; free virtual = 12072
---------------------------------------------------------------------------------
---------------------------------------------------------------------------------
Start Handling Custom Attributes
---------------------------------------------------------------------------------
---------------------------------------------------------------------------------
Finished Handling Custom Attributes : Time (s): cpu = 00:00:23 ; elapsed = 00:00:27 . Memory (MB): peak = 2781.727 ; gain = 63.910 ; free physical = 1065 ; free virtual = 12072
---------------------------------------------------------------------------------
---------------------------------------------------------------------------------
Start Renaming Generated Nets
---------------------------------------------------------------------------------
---------------------------------------------------------------------------------
Finished Renaming Generated Nets : Time (s): cpu = 00:00:23 ; elapsed = 00:00:27 . Memory (MB): peak = 2781.727 ; gain = 63.910 ; free physical = 1065 ; free virtual = 12072
---------------------------------------------------------------------------------
---------------------------------------------------------------------------------
Start ROM, RAM, DSP, Shift Register and Retiming Reporting
---------------------------------------------------------------------------------

Static Shift Register Report:
+---------------+--------------------------------------+--------+-------+--------------+--------------------+-------------------+--------+---------+
|Module Name    | RTL Name                             | Length | Width | Reset Signal | Pull out first Reg | Pull out last Reg | SRL16E | SRLC32E | 
+---------------+--------------------------------------+--------+-------+--------------+--------------------+-------------------+--------+---------+
|top_vga_basys3 | u_top_vga/u_draw_rect/out\.vsync_reg | 4      | 1     | YES          | NO                 | YES               | 1      | 0       | 
|top_vga_basys3 | u_top_vga/u_draw_rect/out\.hsync_reg | 5      | 1     | YES          | NO                 | YES               | 1      | 0       | 
+---------------+--------------------------------------+--------+-------+--------------+--------------------+-------------------+--------+---------+

---------------------------------------------------------------------------------
Finished ROM, RAM, DSP, Shift Register and Retiming Reporting
---------------------------------------------------------------------------------
---------------------------------------------------------------------------------
Start Writing Synthesis Report
---------------------------------------------------------------------------------

Report BlackBoxes: 
+-+--------------+----------+
| |BlackBox name |Instances |
+-+--------------+----------+
+-+--------------+----------+

Report Cell Usage: 
+------+-----------+------+
|      |Cell       |Count |
+------+-----------+------+
|1     |BUFG       |     1|
|2     |BUFGCE     |     2|
|3     |BUFH       |     2|
|4     |CARRY4     |    64|
|5     |LUT1       |    46|
|6     |LUT2       |   181|
|7     |LUT3       |    49|
|8     |LUT4       |   129|
|9     |LUT5       |    77|
|10    |LUT6       |   164|
|11    |MMCME2_ADV |     1|
|12    |ODDR       |     1|
|13    |SRL16E     |     2|
|14    |FDCE       |   156|
|15    |FDPE       |     5|
|16    |FDRE       |   306|
|17    |FDSE       |     6|
|18    |LD         |    26|
|19    |IBUF       |     2|
|20    |IOBUF      |     2|
|21    |OBUF       |    15|
+------+-----------+------+
---------------------------------------------------------------------------------
Finished Writing Synthesis Report : Time (s): cpu = 00:00:23 ; elapsed = 00:00:27 . Memory (MB): peak = 2781.727 ; gain = 63.910 ; free physical = 1065 ; free virtual = 12072
---------------------------------------------------------------------------------
Synthesis finished with 0 errors, 0 critical warnings and 19 warnings.
Synthesis Optimization Runtime : Time (s): cpu = 00:00:22 ; elapsed = 00:00:25 . Memory (MB): peak = 2781.727 ; gain = 0.000 ; free physical = 1111 ; free virtual = 12118
Synthesis Optimization Complete : Time (s): cpu = 00:00:24 ; elapsed = 00:00:28 . Memory (MB): peak = 2781.727 ; gain = 63.910 ; free physical = 1111 ; free virtual = 12118
INFO: [Project 1-571] Translating synthesized netlist
Netlist sorting complete. Time (s): cpu = 00:00:00.01 ; elapsed = 00:00:00.01 . Memory (MB): peak = 2781.727 ; gain = 0.000 ; free physical = 1197 ; free virtual = 12205
WARNING: [Netlist 29-345] The value of SIM_DEVICE on instance 'my_clk_wiz_0/inst/clkout1_buf' of type 'BUFGCE' is 'ULTRASCALE'; it is being changed to match the current FPGA architecture, '7SERIES'. For functional simulation to match hardware behavior, the value of SIM_DEVICE should be changed in the source netlist. 
WARNING: [Netlist 29-345] The value of SIM_DEVICE on instance 'my_clk_wiz_0/inst/clkout2_buf' of type 'BUFGCE' is 'ULTRASCALE'; it is being changed to match the current FPGA architecture, '7SERIES'. For functional simulation to match hardware behavior, the value of SIM_DEVICE should be changed in the source netlist. 
INFO: [Netlist 29-17] Analyzing 96 Unisim elements for replacement
INFO: [Netlist 29-28] Unisim Transformation completed in 0 CPU seconds
INFO: [Project 1-570] Preparing netlist for logic optimization
INFO: [Opt 31-138] Pushed 0 inverter(s) to 0 load pin(s).
Netlist sorting complete. Time (s): cpu = 00:00:00 ; elapsed = 00:00:00 . Memory (MB): peak = 2781.727 ; gain = 0.000 ; free physical = 1143 ; free virtual = 12150
INFO: [Project 1-111] Unisim Transformation Summary:
  A total of 30 instances were transformed.
  BUFGCE => BUFGCTRL: 2 instances
  IOBUF => IOBUF (IBUF, OBUFT): 2 instances
  LD => LDCE: 26 instances

Synth Design complete, checksum: 46c8ae62
INFO: [Common 17-83] Releasing license: Synthesis
81 Infos, 67 Warnings, 0 Critical Warnings and 0 Errors encountered.
synth_design completed successfully
synth_design: Time (s): cpu = 00:00:32 ; elapsed = 00:00:32 . Memory (MB): peak = 2781.727 ; gain = 64.031 ; free physical = 1342 ; free virtual = 12350
INFO: [Common 17-1381] The checkpoint '/home/student/bzadlo/waurn/13_07_na_gita/lab5/uec2_lab1_2023/fpga/build/vga_project.runs/synth_1/top_vga_basys3.dcp' has been generated.
INFO: [runtcl-4] Executing : report_utilization -file top_vga_basys3_utilization_synth.rpt -pb top_vga_basys3_utilization_synth.pb
INFO: [Common 17-206] Exiting Vivado at Sat Jul 13 19:16:20 2024...
[Sat Jul 13 19:16:30 2024] synth_1 finished
wait_on_runs: Time (s): cpu = 00:00:46 ; elapsed = 00:00:56 . Memory (MB): peak = 2723.816 ; gain = 0.000 ; free physical = 1871 ; free virtual = 12893
[Sat Jul 13 19:16:30 2024] Launched impl_1...
Run output will be captured here: /home/student/bzadlo/waurn/13_07_na_gita/lab5/uec2_lab1_2023/fpga/build/vga_project.runs/impl_1/runme.log
[Sat Jul 13 19:16:30 2024] Waiting for impl_1 to finish...

*** Running vivado
    with args -log top_vga_basys3.vdi -applog -m64 -product Vivado -messageDb vivado.pb -mode batch -source top_vga_basys3.tcl -notrace


****** Vivado v2021.2 (64-bit)
  **** SW Build 3367213 on Tue Oct 19 02:47:39 MDT 2021
  **** IP Build 3369179 on Thu Oct 21 08:25:16 MDT 2021
    ** Copyright 1986-2021 Xilinx, Inc. All Rights Reserved.

source top_vga_basys3.tcl -notrace
Command: link_design -top top_vga_basys3 -part xc7a35tcpg236-1
Design is defaulting to srcset: sources_1
Design is defaulting to constrset: constrs_1
INFO: [Device 21-403] Loading part xc7a35tcpg236-1
Netlist sorting complete. Time (s): cpu = 00:00:00.01 ; elapsed = 00:00:00.01 . Memory (MB): peak = 2717.816 ; gain = 0.000 ; free physical = 1305 ; free virtual = 12329
INFO: [Netlist 29-17] Analyzing 68 Unisim elements for replacement
INFO: [Netlist 29-28] Unisim Transformation completed in 0 CPU seconds
INFO: [Project 1-479] Netlist was created with Vivado 2021.2
INFO: [Project 1-570] Preparing netlist for logic optimization
Parsing XDC File [/home/student/bzadlo/waurn/13_07_na_gita/lab5/uec2_lab1_2023/fpga/constraints/top_vga_basys3.xdc]
Finished Parsing XDC File [/home/student/bzadlo/waurn/13_07_na_gita/lab5/uec2_lab1_2023/fpga/constraints/top_vga_basys3.xdc]
Parsing XDC File [/home/student/bzadlo/waurn/13_07_na_gita/lab5/uec2_lab1_2023/fpga/constraints/clk_wiz_0.xdc]
INFO: [Timing 38-35] Done setting XDC timing constraints. [/home/student/bzadlo/waurn/13_07_na_gita/lab5/uec2_lab1_2023/fpga/constraints/clk_wiz_0.xdc:57]
INFO: [Timing 38-2] Deriving generated clocks [/home/student/bzadlo/waurn/13_07_na_gita/lab5/uec2_lab1_2023/fpga/constraints/clk_wiz_0.xdc:57]
get_clocks: Time (s): cpu = 00:00:06 ; elapsed = 00:00:06 . Memory (MB): peak = 2845.691 ; gain = 71.969 ; free physical = 833 ; free virtual = 11856
Finished Parsing XDC File [/home/student/bzadlo/waurn/13_07_na_gita/lab5/uec2_lab1_2023/fpga/constraints/clk_wiz_0.xdc]
Parsing XDC File [/home/student/bzadlo/waurn/13_07_na_gita/lab5/uec2_lab1_2023/fpga/constraints/clk_wiz_0_late.xdc]
Finished Parsing XDC File [/home/student/bzadlo/waurn/13_07_na_gita/lab5/uec2_lab1_2023/fpga/constraints/clk_wiz_0_late.xdc]
INFO: [Opt 31-138] Pushed 0 inverter(s) to 0 load pin(s).
Netlist sorting complete. Time (s): cpu = 00:00:00 ; elapsed = 00:00:00 . Memory (MB): peak = 2845.695 ; gain = 0.000 ; free physical = 834 ; free virtual = 11857
INFO: [Project 1-111] Unisim Transformation Summary:
  A total of 2 instances were transformed.
  IOBUF => IOBUF (IBUF, OBUFT): 2 instances

9 Infos, 0 Warnings, 0 Critical Warnings and 0 Errors encountered.
link_design completed successfully
link_design: Time (s): cpu = 00:00:10 ; elapsed = 00:00:11 . Memory (MB): peak = 2845.695 ; gain = 127.996 ; free physical = 834 ; free virtual = 11857
Command: opt_design
Attempting to get a license for feature 'Implementation' and/or device 'xc7a35t'
INFO: [Common 17-349] Got license for feature 'Implementation' and/or device 'xc7a35t'
Running DRC as a precondition to command opt_design

Starting DRC Task
INFO: [DRC 23-27] Running DRC with 8 threads
INFO: [Project 1-461] DRC finished with 0 Errors
INFO: [Project 1-462] Please refer to the DRC report (report_drc) for more information.

Time (s): cpu = 00:00:01 ; elapsed = 00:00:00.77 . Memory (MB): peak = 2909.723 ; gain = 64.027 ; free physical = 817 ; free virtual = 11840

Starting Cache Timing Information Task
INFO: [Timing 38-35] Done setting XDC timing constraints.
Ending Cache Timing Information Task | Checksum: 17a4bf7c3

Time (s): cpu = 00:00:00.06 ; elapsed = 00:00:00.03 . Memory (MB): peak = 2909.723 ; gain = 0.000 ; free physical = 813 ; free virtual = 11837

Starting Logic Optimization Task

Phase 1 Retarget
INFO: [Opt 31-1287] Pulled Inverter u_top_vga/u_MouseCtl/Inst_Ps2Interface/ps2_clk_h_inv_i_1 into driver instance u_top_vga/u_MouseCtl/Inst_Ps2Interface/ps2_clk_h_inv_i_2, which resulted in an inversion of 1 pins
INFO: [Opt 31-1287] Pulled Inverter u_top_vga/u_MouseCtl/Inst_Ps2Interface/ps2_data_h_inv_i_1 into driver instance u_top_vga/u_MouseCtl/Inst_Ps2Interface/ps2_data_h_inv_i_2, which resulted in an inversion of 1 pins
INFO: [Opt 31-138] Pushed 0 inverter(s) to 0 load pin(s).
INFO: [Opt 31-49] Retargeted 0 cell(s).
Phase 1 Retarget | Checksum: 189d0b66d

Time (s): cpu = 00:00:00.07 ; elapsed = 00:00:00.07 . Memory (MB): peak = 3122.691 ; gain = 0.004 ; free physical = 578 ; free virtual = 11602
INFO: [Opt 31-389] Phase Retarget created 0 cells and removed 2 cells
INFO: [Opt 31-1021] In phase Retarget, 1 netlist objects are constrained preventing optimization. Please run opt_design with -debug_log to get more detail. 

Phase 2 Constant propagation
INFO: [Opt 31-138] Pushed 0 inverter(s) to 0 load pin(s).
Phase 2 Constant propagation | Checksum: 189d0b66d

Time (s): cpu = 00:00:00.07 ; elapsed = 00:00:00.09 . Memory (MB): peak = 3122.691 ; gain = 0.004 ; free physical = 578 ; free virtual = 11602
INFO: [Opt 31-389] Phase Constant propagation created 0 cells and removed 0 cells

Phase 3 Sweep
Phase 3 Sweep | Checksum: 1bca6f660

Time (s): cpu = 00:00:00.09 ; elapsed = 00:00:00.13 . Memory (MB): peak = 3122.691 ; gain = 0.004 ; free physical = 578 ; free virtual = 11602
INFO: [Opt 31-389] Phase Sweep created 6 cells and removed 0 cells

Phase 4 BUFG optimization
Phase 4 BUFG optimization | Checksum: 1a88c1952

Time (s): cpu = 00:00:00.10 ; elapsed = 00:00:00.14 . Memory (MB): peak = 3122.691 ; gain = 0.004 ; free physical = 578 ; free virtual = 11602
INFO: [Opt 31-662] Phase BUFG optimization created 0 cells of which 0 are BUFGs and removed 0 cells.

Phase 5 Shift Register Optimization
INFO: [Opt 31-1064] SRL Remap converted 0 SRLs to 0 registers and converted 0 registers of register chains to 0 SRLs
Phase 5 Shift Register Optimization | Checksum: 1a88c1952

Time (s): cpu = 00:00:00.10 ; elapsed = 00:00:00.15 . Memory (MB): peak = 3122.691 ; gain = 0.004 ; free physical = 578 ; free virtual = 11602
INFO: [Opt 31-389] Phase Shift Register Optimization created 0 cells and removed 0 cells

Phase 6 Post Processing Netlist
Phase 6 Post Processing Netlist | Checksum: 1b8405165

Time (s): cpu = 00:00:00.11 ; elapsed = 00:00:00.15 . Memory (MB): peak = 3122.691 ; gain = 0.004 ; free physical = 578 ; free virtual = 11602
INFO: [Opt 31-389] Phase Post Processing Netlist created 0 cells and removed 0 cells
Opt_design Change Summary
=========================


-------------------------------------------------------------------------------------------------------------------------
|  Phase                        |  #Cells created  |  #Cells Removed  |  #Constrained objects preventing optimizations  |
-------------------------------------------------------------------------------------------------------------------------
|  Retarget                     |               0  |               2  |                                              1  |
|  Constant propagation         |               0  |               0  |                                              0  |
|  Sweep                        |               6  |               0  |                                              0  |
|  BUFG optimization            |               0  |               0  |                                              0  |
|  Shift Register Optimization  |               0  |               0  |                                              0  |
|  Post Processing Netlist      |               0  |               0  |                                              0  |
-------------------------------------------------------------------------------------------------------------------------



Starting Connectivity Check Task

Time (s): cpu = 00:00:00 ; elapsed = 00:00:00 . Memory (MB): peak = 3122.691 ; gain = 0.000 ; free physical = 578 ; free virtual = 11602
Ending Logic Optimization Task | Checksum: 28a7161b2

Time (s): cpu = 00:00:00.16 ; elapsed = 00:00:00.20 . Memory (MB): peak = 3122.691 ; gain = 0.004 ; free physical = 578 ; free virtual = 11602

Starting Power Optimization Task
INFO: [Pwropt 34-132] Skipping clock gating for clocks with a period < 2.00 ns.
Ending Power Optimization Task | Checksum: 28a7161b2

Time (s): cpu = 00:00:00 ; elapsed = 00:00:00 . Memory (MB): peak = 3122.691 ; gain = 0.000 ; free physical = 578 ; free virtual = 11602

Starting Final Cleanup Task
Ending Final Cleanup Task | Checksum: 28a7161b2

Time (s): cpu = 00:00:00 ; elapsed = 00:00:00.01 . Memory (MB): peak = 3122.691 ; gain = 0.000 ; free physical = 578 ; free virtual = 11602

Starting Netlist Obfuscation Task
Netlist sorting complete. Time (s): cpu = 00:00:00 ; elapsed = 00:00:00 . Memory (MB): peak = 3122.691 ; gain = 0.000 ; free physical = 578 ; free virtual = 11602
Ending Netlist Obfuscation Task | Checksum: 28a7161b2

Time (s): cpu = 00:00:00 ; elapsed = 00:00:00 . Memory (MB): peak = 3122.691 ; gain = 0.000 ; free physical = 578 ; free virtual = 11602
INFO: [Common 17-83] Releasing license: Implementation
29 Infos, 0 Warnings, 0 Critical Warnings and 0 Errors encountered.
opt_design completed successfully
INFO: [Timing 38-35] Done setting XDC timing constraints.
INFO: [Timing 38-480] Writing timing data to binary archive.
Writing placer database...
Writing XDEF routing.
Writing XDEF routing logical nets.
Writing XDEF routing special nets.
Write XDEF Complete: Time (s): cpu = 00:00:00.15 ; elapsed = 00:00:00.05 . Memory (MB): peak = 3130.695 ; gain = 0.004 ; free physical = 566 ; free virtual = 11592
INFO: [Common 17-1381] The checkpoint '/home/student/bzadlo/waurn/13_07_na_gita/lab5/uec2_lab1_2023/fpga/build/vga_project.runs/impl_1/top_vga_basys3_opt.dcp' has been generated.
INFO: [runtcl-4] Executing : report_drc -file top_vga_basys3_drc_opted.rpt -pb top_vga_basys3_drc_opted.pb -rpx top_vga_basys3_drc_opted.rpx
Command: report_drc -file top_vga_basys3_drc_opted.rpt -pb top_vga_basys3_drc_opted.pb -rpx top_vga_basys3_drc_opted.rpx
INFO: [IP_Flow 19-234] Refreshing IP repositories
INFO: [IP_Flow 19-1704] No user IP repositories specified
INFO: [IP_Flow 19-2313] Loaded Vivado IP repository '/home_local/Xilinx/Vivado/2021.2/data/ip'.
INFO: [DRC 23-27] Running DRC with 8 threads
INFO: [Vivado_Tcl 2-168] The results of DRC are in file /home/student/bzadlo/waurn/13_07_na_gita/lab5/uec2_lab1_2023/fpga/build/vga_project.runs/impl_1/top_vga_basys3_drc_opted.rpt.
report_drc completed successfully
Command: place_design
Attempting to get a license for feature 'Implementation' and/or device 'xc7a35t'
INFO: [Common 17-349] Got license for feature 'Implementation' and/or device 'xc7a35t'
INFO: [DRC 23-27] Running DRC with 8 threads
INFO: [Vivado_Tcl 4-198] DRC finished with 0 Errors
INFO: [Vivado_Tcl 4-199] Please refer to the DRC report (report_drc) for more information.
Running DRC as a precondition to command place_design
INFO: [DRC 23-27] Running DRC with 8 threads
INFO: [Vivado_Tcl 4-198] DRC finished with 0 Errors
INFO: [Vivado_Tcl 4-199] Please refer to the DRC report (report_drc) for more information.

Starting Placer Task
INFO: [Place 30-611] Multithreading enabled for place_design using a maximum of 8 CPUs

Phase 1 Placer Initialization

Phase 1.1 Placer Initialization Netlist Sorting
Netlist sorting complete. Time (s): cpu = 00:00:00 ; elapsed = 00:00:00 . Memory (MB): peak = 3282.234 ; gain = 0.000 ; free physical = 756 ; free virtual = 11783
Phase 1.1 Placer Initialization Netlist Sorting | Checksum: 1a9a2b1d3

Time (s): cpu = 00:00:00.01 ; elapsed = 00:00:00.01 . Memory (MB): peak = 3282.234 ; gain = 0.000 ; free physical = 764 ; free virtual = 11791
Netlist sorting complete. Time (s): cpu = 00:00:00 ; elapsed = 00:00:00.01 . Memory (MB): peak = 3282.234 ; gain = 0.000 ; free physical = 764 ; free virtual = 11791

Phase 1.2 IO Placement/ Clock Placement/ Build Placer Device
Phase 1.2 IO Placement/ Clock Placement/ Build Placer Device | Checksum: f48498d9

Time (s): cpu = 00:00:00.25 ; elapsed = 00:00:00.18 . Memory (MB): peak = 3282.234 ; gain = 0.000 ; free physical = 796 ; free virtual = 11824

Phase 1.3 Build Placer Netlist Model
Phase 1.3 Build Placer Netlist Model | Checksum: 121da0513

Time (s): cpu = 00:00:00.64 ; elapsed = 00:00:00.40 . Memory (MB): peak = 3282.234 ; gain = 0.000 ; free physical = 817 ; free virtual = 11844

Phase 1.4 Constrain Clocks/Macros
Phase 1.4 Constrain Clocks/Macros | Checksum: 121da0513

Time (s): cpu = 00:00:00.65 ; elapsed = 00:00:00.42 . Memory (MB): peak = 3282.234 ; gain = 0.000 ; free physical = 817 ; free virtual = 11844
Phase 1 Placer Initialization | Checksum: 121da0513

Time (s): cpu = 00:00:00.65 ; elapsed = 00:00:00.43 . Memory (MB): peak = 3282.234 ; gain = 0.000 ; free physical = 817 ; free virtual = 11844

Phase 2 Global Placement

Phase 2.1 Floorplanning
Phase 2.1 Floorplanning | Checksum: 141c036c6

Time (s): cpu = 00:00:00.89 ; elapsed = 00:00:00.53 . Memory (MB): peak = 3282.234 ; gain = 0.000 ; free physical = 815 ; free virtual = 11842

Phase 2.2 Update Timing before SLR Path Opt
Phase 2.2 Update Timing before SLR Path Opt | Checksum: 1d3911549

Time (s): cpu = 00:00:01 ; elapsed = 00:00:00.59 . Memory (MB): peak = 3282.234 ; gain = 0.000 ; free physical = 815 ; free virtual = 11842

Phase 2.3 Post-Processing in Floorplanning
Phase 2.3 Post-Processing in Floorplanning | Checksum: 1d3911549

Time (s): cpu = 00:00:01 ; elapsed = 00:00:00.59 . Memory (MB): peak = 3282.234 ; gain = 0.000 ; free physical = 815 ; free virtual = 11842

Phase 2.4 Global Placement Core

Phase 2.4.1 Physical Synthesis In Placer
INFO: [Physopt 32-1035] Found 0 LUTNM shape to break, 5 LUT instances to create LUTNM shape
INFO: [Physopt 32-1044] Break lutnm for timing: one critical 0, two critical 0, total 0, new lutff created 0
INFO: [Physopt 32-1138] End 1 Pass. Optimized 2 nets or LUTs. Breaked 0 LUT, combined 2 existing LUTs and moved 0 existing LUT
INFO: [Physopt 32-65] No nets found for high-fanout optimization.
INFO: [Physopt 32-232] Optimized 0 net. Created 0 new instance.
INFO: [Physopt 32-775] End 1 Pass. Optimized 0 net or cell. Created 0 new cell, deleted 0 existing cell and moved 0 existing cell
INFO: [Physopt 32-456] No candidate cells for DSP register optimization found in the design.
INFO: [Physopt 32-775] End 2 Pass. Optimized 0 net or cell. Created 0 new cell, deleted 0 existing cell and moved 0 existing cell
INFO: [Physopt 32-1123] No candidate cells found for Shift Register to Pipeline optimization
INFO: [Physopt 32-775] End 1 Pass. Optimized 0 net or cell. Created 0 new cell, deleted 0 existing cell and moved 0 existing cell
INFO: [Physopt 32-677] No candidate cells for Shift Register optimization found in the design
INFO: [Physopt 32-775] End 1 Pass. Optimized 0 net or cell. Created 0 new cell, deleted 0 existing cell and moved 0 existing cell
INFO: [Physopt 32-526] No candidate cells for BRAM register optimization found in the design
INFO: [Physopt 32-775] End 1 Pass. Optimized 0 net or cell. Created 0 new cell, deleted 0 existing cell and moved 0 existing cell
INFO: [Physopt 32-846] No candidate cells for URAM register optimization found in the design
INFO: [Physopt 32-775] End 2 Pass. Optimized 0 net or cell. Created 0 new cell, deleted 0 existing cell and moved 0 existing cell
INFO: [Physopt 32-949] No candidate nets found for dynamic/static region interface net replication
INFO: [Physopt 32-775] End 1 Pass. Optimized 0 net or cell. Created 0 new cell, deleted 0 existing cell and moved 0 existing cell
Netlist sorting complete. Time (s): cpu = 00:00:00 ; elapsed = 00:00:00 . Memory (MB): peak = 3282.234 ; gain = 0.000 ; free physical = 800 ; free virtual = 11828

Summary of Physical Synthesis Optimizations
============================================


-----------------------------------------------------------------------------------------------------------------------------------------------------------
|  Optimization                                     |  Added Cells  |  Removed Cells  |  Optimized Cells/Nets  |  Dont Touch  |  Iterations  |  Elapsed   |
-----------------------------------------------------------------------------------------------------------------------------------------------------------
|  LUT Combining                                    |            0  |              2  |                     2  |           0  |           1  |  00:00:00  |
|  Retime                                           |            0  |              0  |                     0  |           0  |           1  |  00:00:00  |
|  Very High Fanout                                 |            0  |              0  |                     0  |           0  |           1  |  00:00:00  |
|  DSP Register                                     |            0  |              0  |                     0  |           0  |           1  |  00:00:00  |
|  Shift Register to Pipeline                       |            0  |              0  |                     0  |           0  |           1  |  00:00:00  |
|  Shift Register                                   |            0  |              0  |                     0  |           0  |           1  |  00:00:00  |
|  BRAM Register                                    |            0  |              0  |                     0  |           0  |           1  |  00:00:00  |
|  URAM Register                                    |            0  |              0  |                     0  |           0  |           1  |  00:00:00  |
|  Dynamic/Static Region Interface Net Replication  |            0  |              0  |                     0  |           0  |           1  |  00:00:00  |
|  Total                                            |            0  |              2  |                     2  |           0  |           9  |  00:00:00  |
-----------------------------------------------------------------------------------------------------------------------------------------------------------


Phase 2.4.1 Physical Synthesis In Placer | Checksum: 1991fe12b

Time (s): cpu = 00:00:03 ; elapsed = 00:00:01 . Memory (MB): peak = 3282.234 ; gain = 0.000 ; free physical = 798 ; free virtual = 11826
Phase 2.4 Global Placement Core | Checksum: 164d92cab

Time (s): cpu = 00:00:04 ; elapsed = 00:00:02 . Memory (MB): peak = 3282.234 ; gain = 0.000 ; free physical = 800 ; free virtual = 11825
Phase 2 Global Placement | Checksum: 164d92cab

Time (s): cpu = 00:00:04 ; elapsed = 00:00:02 . Memory (MB): peak = 3282.234 ; gain = 0.000 ; free physical = 801 ; free virtual = 11826

Phase 3 Detail Placement

Phase 3.1 Commit Multi Column Macros
Phase 3.1 Commit Multi Column Macros | Checksum: 1a6d29059

Time (s): cpu = 00:00:04 ; elapsed = 00:00:02 . Memory (MB): peak = 3282.234 ; gain = 0.000 ; free physical = 801 ; free virtual = 11825

Phase 3.2 Commit Most Macros & LUTRAMs
Phase 3.2 Commit Most Macros & LUTRAMs | Checksum: 15b822cb1

Time (s): cpu = 00:00:04 ; elapsed = 00:00:02 . Memory (MB): peak = 3282.234 ; gain = 0.000 ; free physical = 800 ; free virtual = 11825

Phase 3.3 Area Swap Optimization
Phase 3.3 Area Swap Optimization | Checksum: cfcbe13a

Time (s): cpu = 00:00:04 ; elapsed = 00:00:02 . Memory (MB): peak = 3282.234 ; gain = 0.000 ; free physical = 801 ; free virtual = 11826

Phase 3.4 Pipeline Register Optimization
Phase 3.4 Pipeline Register Optimization | Checksum: f9e756c1

Time (s): cpu = 00:00:04 ; elapsed = 00:00:02 . Memory (MB): peak = 3282.234 ; gain = 0.000 ; free physical = 801 ; free virtual = 11826

Phase 3.5 Small Shape Detail Placement
Phase 3.5 Small Shape Detail Placement | Checksum: 1c781e00b

Time (s): cpu = 00:00:05 ; elapsed = 00:00:02 . Memory (MB): peak = 3282.234 ; gain = 0.000 ; free physical = 799 ; free virtual = 11824

Phase 3.6 Re-assign LUT pins
Phase 3.6 Re-assign LUT pins | Checksum: 1925a2cbf

Time (s): cpu = 00:00:05 ; elapsed = 00:00:02 . Memory (MB): peak = 3282.234 ; gain = 0.000 ; free physical = 799 ; free virtual = 11824

Phase 3.7 Pipeline Register Optimization
Phase 3.7 Pipeline Register Optimization | Checksum: c714abca

Time (s): cpu = 00:00:05 ; elapsed = 00:00:02 . Memory (MB): peak = 3282.234 ; gain = 0.000 ; free physical = 799 ; free virtual = 11824
Phase 3 Detail Placement | Checksum: c714abca

Time (s): cpu = 00:00:05 ; elapsed = 00:00:02 . Memory (MB): peak = 3282.234 ; gain = 0.000 ; free physical = 799 ; free virtual = 11824

Phase 4 Post Placement Optimization and Clean-Up

Phase 4.1 Post Commit Optimization
INFO: [Timing 38-35] Done setting XDC timing constraints.

Phase 4.1.1 Post Placement Optimization
Post Placement Optimization Initialization | Checksum: 1a98a27db

Phase 4.1.1.1 BUFG Insertion

Starting Physical Synthesis Task

Phase 1 Physical Synthesis Initialization
INFO: [Physopt 32-721] Multithreading enabled for phys_opt_design using a maximum of 8 CPUs
INFO: [Physopt 32-619] Estimated Timing Summary | WNS=0.091 | TNS=0.000 |
Phase 1 Physical Synthesis Initialization | Checksum: 265c175c9

Time (s): cpu = 00:00:00.08 ; elapsed = 00:00:00.03 . Memory (MB): peak = 3282.234 ; gain = 0.000 ; free physical = 798 ; free virtual = 11823
INFO: [Place 46-56] BUFG insertion identified 0 candidate nets. Inserted BUFG: 0, Replicated BUFG Driver: 0, Skipped due to Placement/Routing Conflicts: 0, Skipped due to Timing Degradation: 0, Skipped due to Illegal Netlist: 0.
Ending Physical Synthesis Task | Checksum: 1b7c878e7

Time (s): cpu = 00:00:00.09 ; elapsed = 00:00:00.03 . Memory (MB): peak = 3282.234 ; gain = 0.000 ; free physical = 797 ; free virtual = 11822
Phase 4.1.1.1 BUFG Insertion | Checksum: 1a98a27db

Time (s): cpu = 00:00:05 ; elapsed = 00:00:02 . Memory (MB): peak = 3282.234 ; gain = 0.000 ; free physical = 796 ; free virtual = 11821

Phase 4.1.1.2 Post Placement Timing Optimization
INFO: [Place 30-746] Post Placement Timing Summary WNS=0.324. For the most accurate timing information please run report_timing.
Phase 4.1.1.2 Post Placement Timing Optimization | Checksum: 1c47b877e

Time (s): cpu = 00:00:08 ; elapsed = 00:00:05 . Memory (MB): peak = 3282.234 ; gain = 0.000 ; free physical = 785 ; free virtual = 11814

Time (s): cpu = 00:00:08 ; elapsed = 00:00:05 . Memory (MB): peak = 3282.234 ; gain = 0.000 ; free physical = 785 ; free virtual = 11814
Phase 4.1 Post Commit Optimization | Checksum: 1c47b877e

Time (s): cpu = 00:00:08 ; elapsed = 00:00:05 . Memory (MB): peak = 3282.234 ; gain = 0.000 ; free physical = 785 ; free virtual = 11814

Phase 4.2 Post Placement Cleanup
Phase 4.2 Post Placement Cleanup | Checksum: 1c47b877e

Time (s): cpu = 00:00:08 ; elapsed = 00:00:05 . Memory (MB): peak = 3282.234 ; gain = 0.000 ; free physical = 786 ; free virtual = 11815

Phase 4.3 Placer Reporting

Phase 4.3.1 Print Estimated Congestion
INFO: [Place 30-612] Post-Placement Estimated Congestion 
 ____________________________________________________
|           | Global Congestion | Short Congestion  |
| Direction | Region Size       | Region Size       |
|___________|___________________|___________________|
|      North|                1x1|                1x1|
|___________|___________________|___________________|
|      South|                1x1|                1x1|
|___________|___________________|___________________|
|       East|                1x1|                1x1|
|___________|___________________|___________________|
|       West|                1x1|                1x1|
|___________|___________________|___________________|

Phase 4.3.1 Print Estimated Congestion | Checksum: 1c47b877e

Time (s): cpu = 00:00:08 ; elapsed = 00:00:06 . Memory (MB): peak = 3282.234 ; gain = 0.000 ; free physical = 786 ; free virtual = 11815
Phase 4.3 Placer Reporting | Checksum: 1c47b877e

Time (s): cpu = 00:00:08 ; elapsed = 00:00:06 . Memory (MB): peak = 3282.234 ; gain = 0.000 ; free physical = 785 ; free virtual = 11815

Phase 4.4 Final Placement Cleanup
Netlist sorting complete. Time (s): cpu = 00:00:00 ; elapsed = 00:00:00 . Memory (MB): peak = 3282.234 ; gain = 0.000 ; free physical = 785 ; free virtual = 11815

Time (s): cpu = 00:00:08 ; elapsed = 00:00:06 . Memory (MB): peak = 3282.234 ; gain = 0.000 ; free physical = 785 ; free virtual = 11815
Phase 4 Post Placement Optimization and Clean-Up | Checksum: 1497ea3c5

Time (s): cpu = 00:00:08 ; elapsed = 00:00:06 . Memory (MB): peak = 3282.234 ; gain = 0.000 ; free physical = 785 ; free virtual = 11815
Ending Placer Task | Checksum: 71a7ff02

Time (s): cpu = 00:00:08 ; elapsed = 00:00:06 . Memory (MB): peak = 3282.234 ; gain = 0.000 ; free physical = 785 ; free virtual = 11815
INFO: [Common 17-83] Releasing license: Implementation
71 Infos, 0 Warnings, 0 Critical Warnings and 0 Errors encountered.
place_design completed successfully
place_design: Time (s): cpu = 00:00:10 ; elapsed = 00:00:07 . Memory (MB): peak = 3282.234 ; gain = 0.000 ; free physical = 799 ; free virtual = 11829
INFO: [Timing 38-480] Writing timing data to binary archive.
Writing placer database...
Writing XDEF routing.
Writing XDEF routing logical nets.
Writing XDEF routing special nets.
Write XDEF Complete: Time (s): cpu = 00:00:00.32 ; elapsed = 00:00:00.41 . Memory (MB): peak = 3282.234 ; gain = 0.000 ; free physical = 800 ; free virtual = 11831
INFO: [Common 17-1381] The checkpoint '/home/student/bzadlo/waurn/13_07_na_gita/lab5/uec2_lab1_2023/fpga/build/vga_project.runs/impl_1/top_vga_basys3_placed.dcp' has been generated.
INFO: [runtcl-4] Executing : report_io -file top_vga_basys3_io_placed.rpt
report_io: Time (s): cpu = 00:00:00.06 ; elapsed = 00:00:00.13 . Memory (MB): peak = 3282.234 ; gain = 0.000 ; free physical = 797 ; free virtual = 11827
INFO: [runtcl-4] Executing : report_utilization -file top_vga_basys3_utilization_placed.rpt -pb top_vga_basys3_utilization_placed.pb
INFO: [runtcl-4] Executing : report_control_sets -verbose -file top_vga_basys3_control_sets_placed.rpt
report_control_sets: Time (s): cpu = 00:00:00.01 ; elapsed = 00:00:00.06 . Memory (MB): peak = 3282.234 ; gain = 0.000 ; free physical = 803 ; free virtual = 11833
Command: phys_opt_design
Attempting to get a license for feature 'Implementation' and/or device 'xc7a35t'
INFO: [Common 17-349] Got license for feature 'Implementation' and/or device 'xc7a35t'
INFO: [Vivado_Tcl 4-383] Design worst setup slack (WNS) is greater than or equal to 0.000 ns. Skipping all physical synthesis optimizations.
INFO: [Vivado_Tcl 4-232] No setup violation found. The netlist was not modified.
INFO: [Common 17-83] Releasing license: Implementation
80 Infos, 0 Warnings, 0 Critical Warnings and 0 Errors encountered.
phys_opt_design completed successfully
INFO: [Timing 38-480] Writing timing data to binary archive.
Writing placer database...
Writing XDEF routing.
Writing XDEF routing logical nets.
Writing XDEF routing special nets.
Write XDEF Complete: Time (s): cpu = 00:00:00.32 ; elapsed = 00:00:00.23 . Memory (MB): peak = 3282.234 ; gain = 0.000 ; free physical = 771 ; free virtual = 11803
INFO: [Common 17-1381] The checkpoint '/home/student/bzadlo/waurn/13_07_na_gita/lab5/uec2_lab1_2023/fpga/build/vga_project.runs/impl_1/top_vga_basys3_physopt.dcp' has been generated.
Command: route_design
Attempting to get a license for feature 'Implementation' and/or device 'xc7a35t'
INFO: [Common 17-349] Got license for feature 'Implementation' and/or device 'xc7a35t'
Running DRC as a precondition to command route_design
INFO: [DRC 23-27] Running DRC with 8 threads
INFO: [Vivado_Tcl 4-198] DRC finished with 0 Errors
INFO: [Vivado_Tcl 4-199] Please refer to the DRC report (report_drc) for more information.


Starting Routing Task
INFO: [Route 35-254] Multithreading enabled for route_design using a maximum of 8 CPUs

Phase 1 Build RT Design
Checksum: PlaceDB: 3a427ba4 ConstDB: 0 ShapeSum: 3765835e RouteDB: 0
Post Restoration Checksum: NetGraph: ba795550 NumContArr: 4ecc63e7 Constraints: 0 Timing: 0
Phase 1 Build RT Design | Checksum: 10945b937

Time (s): cpu = 00:00:14 ; elapsed = 00:00:12 . Memory (MB): peak = 3282.234 ; gain = 0.000 ; free physical = 663 ; free virtual = 11693

Phase 2 Router Initialization

Phase 2.1 Create Timer
Phase 2.1 Create Timer | Checksum: 10945b937

Time (s): cpu = 00:00:14 ; elapsed = 00:00:12 . Memory (MB): peak = 3282.234 ; gain = 0.000 ; free physical = 663 ; free virtual = 11694

Phase 2.2 Fix Topology Constraints
Phase 2.2 Fix Topology Constraints | Checksum: 10945b937

Time (s): cpu = 00:00:14 ; elapsed = 00:00:12 . Memory (MB): peak = 3282.234 ; gain = 0.000 ; free physical = 630 ; free virtual = 11661

Phase 2.3 Pre Route Cleanup
Phase 2.3 Pre Route Cleanup | Checksum: 10945b937

Time (s): cpu = 00:00:14 ; elapsed = 00:00:12 . Memory (MB): peak = 3282.234 ; gain = 0.000 ; free physical = 630 ; free virtual = 11661
 Number of Nodes with overlaps = 0

Phase 2.4 Update Timing
Phase 2.4 Update Timing | Checksum: 14721f2d3

Time (s): cpu = 00:00:14 ; elapsed = 00:00:12 . Memory (MB): peak = 3291.770 ; gain = 9.535 ; free physical = 622 ; free virtual = 11653
INFO: [Route 35-416] Intermediate Timing Summary | WNS=0.412  | TNS=0.000  | WHS=-0.142 | THS=-8.713 |


Router Utilization Summary
  Global Vertical Routing Utilization    = 0.00414574 %
  Global Horizontal Routing Utilization  = 0.00624675 %
  Routable Net Status*
  *Does not include unroutable nets such as driverless and loadless.
  Run report_route_status for detailed report.
  Number of Failed Nets               = 929
    (Failed Nets is the sum of unrouted and partially routed nets)
  Number of Unrouted Nets             = 875
  Number of Partially Routed Nets     = 54
  Number of Node Overlaps             = 63

Phase 2 Router Initialization | Checksum: 1add98fbc

Time (s): cpu = 00:00:15 ; elapsed = 00:00:12 . Memory (MB): peak = 3294.770 ; gain = 12.535 ; free physical = 621 ; free virtual = 11652

Phase 3 Initial Routing

Phase 3.1 Global Routing
Phase 3.1 Global Routing | Checksum: 1add98fbc

Time (s): cpu = 00:00:15 ; elapsed = 00:00:12 . Memory (MB): peak = 3294.770 ; gain = 12.535 ; free physical = 621 ; free virtual = 11652
Phase 3 Initial Routing | Checksum: 21e2a0c2c

Time (s): cpu = 00:00:15 ; elapsed = 00:00:12 . Memory (MB): peak = 3326.785 ; gain = 44.551 ; free physical = 621 ; free virtual = 11652

Phase 4 Rip-up And Reroute

Phase 4.1 Global Iteration 0
 Number of Nodes with overlaps = 61
 Number of Nodes with overlaps = 2
 Number of Nodes with overlaps = 0
INFO: [Route 35-416] Intermediate Timing Summary | WNS=0.554  | TNS=0.000  | WHS=N/A    | THS=N/A    |

Phase 4.1 Global Iteration 0 | Checksum: a11781d0

Time (s): cpu = 00:00:16 ; elapsed = 00:00:13 . Memory (MB): peak = 3326.785 ; gain = 44.551 ; free physical = 620 ; free virtual = 11652

Phase 4.2 Global Iteration 1
 Number of Nodes with overlaps = 0
INFO: [Route 35-416] Intermediate Timing Summary | WNS=0.554  | TNS=0.000  | WHS=N/A    | THS=N/A    |

Phase 4.2 Global Iteration 1 | Checksum: 135c99054

Time (s): cpu = 00:00:16 ; elapsed = 00:00:13 . Memory (MB): peak = 3326.785 ; gain = 44.551 ; free physical = 620 ; free virtual = 11652
Phase 4 Rip-up And Reroute | Checksum: 135c99054

Time (s): cpu = 00:00:16 ; elapsed = 00:00:13 . Memory (MB): peak = 3326.785 ; gain = 44.551 ; free physical = 620 ; free virtual = 11652

Phase 5 Delay and Skew Optimization

Phase 5.1 Delay CleanUp
Phase 5.1 Delay CleanUp | Checksum: 135c99054

Time (s): cpu = 00:00:16 ; elapsed = 00:00:13 . Memory (MB): peak = 3326.785 ; gain = 44.551 ; free physical = 620 ; free virtual = 11652

Phase 5.2 Clock Skew Optimization
Phase 5.2 Clock Skew Optimization | Checksum: 135c99054

Time (s): cpu = 00:00:16 ; elapsed = 00:00:13 . Memory (MB): peak = 3326.785 ; gain = 44.551 ; free physical = 620 ; free virtual = 11652
Phase 5 Delay and Skew Optimization | Checksum: 135c99054

Time (s): cpu = 00:00:16 ; elapsed = 00:00:13 . Memory (MB): peak = 3326.785 ; gain = 44.551 ; free physical = 621 ; free virtual = 11652

Phase 6 Post Hold Fix

Phase 6.1 Hold Fix Iter

Phase 6.1.1 Update Timing
Phase 6.1.1 Update Timing | Checksum: 1fc97a15c

Time (s): cpu = 00:00:16 ; elapsed = 00:00:13 . Memory (MB): peak = 3326.785 ; gain = 44.551 ; free physical = 621 ; free virtual = 11652
INFO: [Route 35-416] Intermediate Timing Summary | WNS=0.554  | TNS=0.000  | WHS=0.106  | THS=0.000  |

Phase 6.1 Hold Fix Iter | Checksum: 1096d211e

Time (s): cpu = 00:00:16 ; elapsed = 00:00:13 . Memory (MB): peak = 3326.785 ; gain = 44.551 ; free physical = 621 ; free virtual = 11652
Phase 6 Post Hold Fix | Checksum: 1096d211e

Time (s): cpu = 00:00:16 ; elapsed = 00:00:13 . Memory (MB): peak = 3326.785 ; gain = 44.551 ; free physical = 621 ; free virtual = 11652

Phase 7 Route finalize

Router Utilization Summary
  Global Vertical Routing Utilization    = 0.151957 %
  Global Horizontal Routing Utilization  = 0.172046 %
  Routable Net Status*
  *Does not include unroutable nets such as driverless and loadless.
  Run report_route_status for detailed report.
  Number of Failed Nets               = 0
    (Failed Nets is the sum of unrouted and partially routed nets)
  Number of Unrouted Nets             = 0
  Number of Partially Routed Nets     = 0
  Number of Node Overlaps             = 0

Phase 7 Route finalize | Checksum: 1e0818fae

Time (s): cpu = 00:00:16 ; elapsed = 00:00:13 . Memory (MB): peak = 3326.785 ; gain = 44.551 ; free physical = 621 ; free virtual = 11652

Phase 8 Verifying routed nets

 Verification completed successfully
Phase 8 Verifying routed nets | Checksum: 1e0818fae

Time (s): cpu = 00:00:16 ; elapsed = 00:00:13 . Memory (MB): peak = 3326.785 ; gain = 44.551 ; free physical = 620 ; free virtual = 11651

Phase 9 Depositing Routes
Phase 9 Depositing Routes | Checksum: 1ba4f59e2

Time (s): cpu = 00:00:16 ; elapsed = 00:00:13 . Memory (MB): peak = 3374.805 ; gain = 92.570 ; free physical = 619 ; free virtual = 11651

Phase 10 Post Router Timing
INFO: [Route 35-57] Estimated Timing Summary | WNS=0.554  | TNS=0.000  | WHS=0.106  | THS=0.000  |

INFO: [Route 35-327] The final timing numbers are based on the router estimated timing analysis. For a complete and accurate timing signoff, please run report_timing_summary.
Phase 10 Post Router Timing | Checksum: 1ba4f59e2

Time (s): cpu = 00:00:16 ; elapsed = 00:00:13 . Memory (MB): peak = 3374.805 ; gain = 92.570 ; free physical = 617 ; free virtual = 11648
INFO: [Route 35-16] Router Completed Successfully

Time (s): cpu = 00:00:16 ; elapsed = 00:00:13 . Memory (MB): peak = 3374.805 ; gain = 92.570 ; free physical = 647 ; free virtual = 11680

Routing Is Done.
INFO: [Common 17-83] Releasing license: Implementation
95 Infos, 0 Warnings, 0 Critical Warnings and 0 Errors encountered.
route_design completed successfully
route_design: Time (s): cpu = 00:00:18 ; elapsed = 00:00:14 . Memory (MB): peak = 3374.805 ; gain = 92.570 ; free physical = 646 ; free virtual = 11680
INFO: [Timing 38-480] Writing timing data to binary archive.
Writing placer database...
Writing XDEF routing.
Writing XDEF routing logical nets.
Writing XDEF routing special nets.
Write XDEF Complete: Time (s): cpu = 00:00:00.32 ; elapsed = 00:00:00.35 . Memory (MB): peak = 3374.805 ; gain = 0.000 ; free physical = 645 ; free virtual = 11682
INFO: [Common 17-1381] The checkpoint '/home/student/bzadlo/waurn/13_07_na_gita/lab5/uec2_lab1_2023/fpga/build/vga_project.runs/impl_1/top_vga_basys3_routed.dcp' has been generated.
INFO: [runtcl-4] Executing : report_drc -file top_vga_basys3_drc_routed.rpt -pb top_vga_basys3_drc_routed.pb -rpx top_vga_basys3_drc_routed.rpx
Command: report_drc -file top_vga_basys3_drc_routed.rpt -pb top_vga_basys3_drc_routed.pb -rpx top_vga_basys3_drc_routed.rpx
INFO: [IP_Flow 19-1839] IP Catalog is up to date.
INFO: [DRC 23-27] Running DRC with 8 threads
INFO: [Vivado_Tcl 2-168] The results of DRC are in file /home/student/bzadlo/waurn/13_07_na_gita/lab5/uec2_lab1_2023/fpga/build/vga_project.runs/impl_1/top_vga_basys3_drc_routed.rpt.
report_drc completed successfully
INFO: [runtcl-4] Executing : report_methodology -file top_vga_basys3_methodology_drc_routed.rpt -pb top_vga_basys3_methodology_drc_routed.pb -rpx top_vga_basys3_methodology_drc_routed.rpx
Command: report_methodology -file top_vga_basys3_methodology_drc_routed.rpt -pb top_vga_basys3_methodology_drc_routed.pb -rpx top_vga_basys3_methodology_drc_routed.rpx
INFO: [Timing 38-35] Done setting XDC timing constraints.
INFO: [DRC 23-133] Running Methodology with 8 threads
INFO: [Vivado_Tcl 2-1520] The results of Report Methodology are in file /home/student/bzadlo/waurn/13_07_na_gita/lab5/uec2_lab1_2023/fpga/build/vga_project.runs/impl_1/top_vga_basys3_methodology_drc_routed.rpt.
report_methodology completed successfully
INFO: [runtcl-4] Executing : report_power -file top_vga_basys3_power_routed.rpt -pb top_vga_basys3_power_summary_routed.pb -rpx top_vga_basys3_power_routed.rpx
Command: report_power -file top_vga_basys3_power_routed.rpt -pb top_vga_basys3_power_summary_routed.pb -rpx top_vga_basys3_power_routed.rpx
INFO: [Timing 38-35] Done setting XDC timing constraints.
Running Vector-less Activity Propagation...

Finished Running Vector-less Activity Propagation
107 Infos, 0 Warnings, 0 Critical Warnings and 0 Errors encountered.
report_power completed successfully
INFO: [runtcl-4] Executing : report_route_status -file top_vga_basys3_route_status.rpt -pb top_vga_basys3_route_status.pb
INFO: [runtcl-4] Executing : report_timing_summary -max_paths 10 -report_unconstrained -file top_vga_basys3_timing_summary_routed.rpt -pb top_vga_basys3_timing_summary_routed.pb -rpx top_vga_basys3_timing_summary_routed.rpx -warn_on_violation 
INFO: [Timing 38-91] UpdateTimingParams: Speed grade: -1, Delay Type: min_max.
INFO: [Timing 38-191] Multithreading enabled for timing update using a maximum of 8 CPUs
INFO: [runtcl-4] Executing : report_incremental_reuse -file top_vga_basys3_incremental_reuse_routed.rpt
INFO: [Vivado_Tcl 4-1062] Incremental flow is disabled. No incremental reuse Info to report.
INFO: [runtcl-4] Executing : report_clock_utilization -file top_vga_basys3_clock_utilization_routed.rpt
INFO: [runtcl-4] Executing : report_bus_skew -warn_on_violation -file top_vga_basys3_bus_skew_routed.rpt -pb top_vga_basys3_bus_skew_routed.pb -rpx top_vga_basys3_bus_skew_routed.rpx
INFO: [Timing 38-91] UpdateTimingParams: Speed grade: -1, Delay Type: min_max.
INFO: [Timing 38-191] Multithreading enabled for timing update using a maximum of 8 CPUs
Command: write_bitstream -force top_vga_basys3.bit
Attempting to get a license for feature 'Implementation' and/or device 'xc7a35t'
INFO: [Common 17-349] Got license for feature 'Implementation' and/or device 'xc7a35t'
Running DRC as a precondition to command write_bitstream
INFO: [IP_Flow 19-1839] IP Catalog is up to date.
INFO: [DRC 23-27] Running DRC with 8 threads
WARNING: [DRC PDRC-153] Gated clock check: Net u_top_vga/u_draw_obstacle_ctl/xpos_nxt__0 is a gated clock net sourced by a combinational pin u_top_vga/u_draw_obstacle_ctl/xpos_nxt_reg[10]_i_2/O, cell u_top_vga/u_draw_obstacle_ctl/xpos_nxt_reg[10]_i_2. This is not good design practice and will likely impact performance. For SLICE registers, for example, use the CE pin to control the loading of data.
WARNING: [DRC PDRC-153] Gated clock check: Net u_top_vga/u_draw_rect_ctl/state_nxt is a gated clock net sourced by a combinational pin u_top_vga/u_draw_rect_ctl/ypos_nxt_reg[10]_i_2/O, cell u_top_vga/u_draw_rect_ctl/ypos_nxt_reg[10]_i_2. This is not good design practice and will likely impact performance. For SLICE registers, for example, use the CE pin to control the loading of data.
WARNING: [DRC PDRC-153] Gated clock check: Net u_top_vga/u_draw_rect_ctl/stop_reg_i_2_n_0 is a gated clock net sourced by a combinational pin u_top_vga/u_draw_rect_ctl/stop_reg_i_2/O, cell u_top_vga/u_draw_rect_ctl/stop_reg_i_2. This is not good design practice and will likely impact performance. For SLICE registers, for example, use the CE pin to control the loading of data.
INFO: [Vivado 12-3199] DRC finished with 0 Errors, 3 Warnings
INFO: [Vivado 12-3200] Please refer to the DRC report (report_drc) for more information.
INFO: [Designutils 20-2272] Running write_bitstream with 8 threads.
Loading data files...
Loading site data...
Loading route data...
Processing options...
Creating bitmap...
Creating bitstream...
Writing bitstream ./top_vga_basys3.bit...
INFO: [Vivado 12-1842] Bitgen Completed Successfully.
INFO: [Project 1-1876] WebTalk data collection is mandatory when using a ULT device. To see the specific WebTalk data collected for your design, open the usage_statistics_webtalk.html or usage_statistics_webtalk.xml file in the implementation directory.
INFO: [Common 17-83] Releasing license: Implementation
12 Infos, 3 Warnings, 0 Critical Warnings and 0 Errors encountered.
write_bitstream completed successfully
write_bitstream: Time (s): cpu = 00:00:08 ; elapsed = 00:00:17 . Memory (MB): peak = 3645.684 ; gain = 232.277 ; free physical = 633 ; free virtual = 11665
INFO: [Common 17-206] Exiting Vivado at Sat Jul 13 19:17:42 2024...
[Sat Jul 13 19:17:47 2024] impl_1 finished
wait_on_runs: Time (s): cpu = 00:00:01 ; elapsed = 00:01:17 . Memory (MB): peak = 2723.816 ; gain = 0.000 ; free physical = 2130 ; free virtual = 13162
# exit
INFO: [Common 17-206] Exiting Vivado at Sat Jul 13 19:17:47 2024...
