Warnings, critical warnings and errors from synthesis and implementation

Created: 2024-07-13 18:15:04

----SYNTHESIS----
WARNING: [Synth 8-6014] Unused sequential element set_x.inc_reg was removed.  [rtl/MouseCtl.vhd:450]
WARNING: [Synth 8-6014] Unused sequential element set_x.x_inter_reg was removed.  [rtl/MouseCtl.vhd:456]
WARNING: [Synth 8-6014] Unused sequential element set_y.inc_reg was removed.  [rtl/MouseCtl.vhd:514]
WARNING: [Synth 8-6014] Unused sequential element set_y.y_inter_reg was removed.  [rtl/MouseCtl.vhd:520]
WARNING: [Synth 8-7071] port 'zpos' of module 'MouseCtl' is unconnected for instance 'u_MouseCtl' [rtl/top_vga.sv:78]
WARNING: [Synth 8-7071] port 'left' of module 'MouseCtl' is unconnected for instance 'u_MouseCtl' [rtl/top_vga.sv:78]
WARNING: [Synth 8-7071] port 'middle' of module 'MouseCtl' is unconnected for instance 'u_MouseCtl' [rtl/top_vga.sv:78]
WARNING: [Synth 8-7071] port 'right' of module 'MouseCtl' is unconnected for instance 'u_MouseCtl' [rtl/top_vga.sv:78]
WARNING: [Synth 8-7071] port 'new_event' of module 'MouseCtl' is unconnected for instance 'u_MouseCtl' [rtl/top_vga.sv:78]
WARNING: [Synth 8-7071] port 'value' of module 'MouseCtl' is unconnected for instance 'u_MouseCtl' [rtl/top_vga.sv:78]
WARNING: [Synth 8-7071] port 'setx' of module 'MouseCtl' is unconnected for instance 'u_MouseCtl' [rtl/top_vga.sv:78]
WARNING: [Synth 8-7071] port 'sety' of module 'MouseCtl' is unconnected for instance 'u_MouseCtl' [rtl/top_vga.sv:78]
WARNING: [Synth 8-7071] port 'setmax_x' of module 'MouseCtl' is unconnected for instance 'u_MouseCtl' [rtl/top_vga.sv:78]
WARNING: [Synth 8-7071] port 'setmax_y' of module 'MouseCtl' is unconnected for instance 'u_MouseCtl' [rtl/top_vga.sv:78]
WARNING: [Synth 8-7023] instance 'u_MouseCtl' of module 'MouseCtl' has 16 connections declared, but only 6 given [rtl/top_vga.sv:78]
WARNING: [Synth 8-6014] Unused sequential element rgb_nxt_reg was removed.  [rtl/draw_rect.sv:76]
WARNING: [Synth 8-6014] Unused sequential element xpos_nxt_reg was removed.  [rtl/draw_rect.sv:77]
WARNING: [Synth 8-6014] Unused sequential element ypos_nxt_reg was removed.  [rtl/draw_rect.sv:78]
WARNING: [Synth 8-6014] Unused sequential element rgb_nxt2_reg was removed.  [rtl/draw_rect.sv:98]
WARNING: [Synth 8-6014] Unused sequential element xpos_nxt2_reg was removed.  [rtl/draw_rect.sv:99]
WARNING: [Synth 8-6014] Unused sequential element ypos_nxt2_reg was removed.  [rtl/draw_rect.sv:100]
WARNING: [Synth 8-7071] port 'enable_mouse_display_out' of module 'MouseDisplay' is unconnected for instance 'u_MouseDisplay' [rtl/draw_mouse.sv:52]
WARNING: [Synth 8-7023] instance 'u_MouseDisplay' of module 'MouseDisplay' has 9 connections declared, but only 8 given [rtl/draw_mouse.sv:52]
WARNING: [Synth 8-3848] Net left_sync in module/entity top_vga does not have driver. [rtl/top_vga.sv:52]
WARNING: [Synth 8-7129] Port in\.rgb[11] in module draw_bg is either unconnected or has no load
WARNING: [Synth 8-7129] Port in\.rgb[10] in module draw_bg is either unconnected or has no load
WARNING: [Synth 8-7129] Port in\.rgb[9] in module draw_bg is either unconnected or has no load
WARNING: [Synth 8-7129] Port in\.rgb[8] in module draw_bg is either unconnected or has no load
WARNING: [Synth 8-7129] Port in\.rgb[7] in module draw_bg is either unconnected or has no load
WARNING: [Synth 8-7129] Port in\.rgb[6] in module draw_bg is either unconnected or has no load
WARNING: [Synth 8-7129] Port in\.rgb[5] in module draw_bg is either unconnected or has no load
WARNING: [Synth 8-7129] Port in\.rgb[4] in module draw_bg is either unconnected or has no load
WARNING: [Synth 8-7129] Port in\.rgb[3] in module draw_bg is either unconnected or has no load
WARNING: [Synth 8-7129] Port in\.rgb[2] in module draw_bg is either unconnected or has no load
WARNING: [Synth 8-7129] Port in\.rgb[1] in module draw_bg is either unconnected or has no load
WARNING: [Synth 8-7129] Port in\.rgb[0] in module draw_bg is either unconnected or has no load
WARNING: [Synth 8-7080] Parallel synthesis criteria is not met
WARNING: [Synth 8-7129] Port in\.rgb[11] in module draw_bg is either unconnected or has no load
WARNING: [Synth 8-7129] Port in\.rgb[10] in module draw_bg is either unconnected or has no load
WARNING: [Synth 8-7129] Port in\.rgb[9] in module draw_bg is either unconnected or has no load
WARNING: [Synth 8-7129] Port in\.rgb[8] in module draw_bg is either unconnected or has no load
WARNING: [Synth 8-7129] Port in\.rgb[7] in module draw_bg is either unconnected or has no load
WARNING: [Synth 8-7129] Port in\.rgb[6] in module draw_bg is either unconnected or has no load
WARNING: [Synth 8-7129] Port in\.rgb[5] in module draw_bg is either unconnected or has no load
WARNING: [Synth 8-7129] Port in\.rgb[4] in module draw_bg is either unconnected or has no load
WARNING: [Synth 8-7129] Port in\.rgb[3] in module draw_bg is either unconnected or has no load
WARNING: [Synth 8-7129] Port in\.rgb[2] in module draw_bg is either unconnected or has no load
WARNING: [Synth 8-7129] Port in\.rgb[1] in module draw_bg is either unconnected or has no load
WARNING: [Synth 8-7129] Port in\.rgb[0] in module draw_bg is either unconnected or has no load
WARNING: [Synth 8-3332] Sequential element (u_top_vga/u_draw_rect_ctl/FSM_sequential_state_reg[2]) is unused and will be removed from module top_vga_basys3.
WARNING: [Synth 8-3332] Sequential element (u_top_vga/u_draw_rect_ctl/FSM_sequential_state_reg[1]) is unused and will be removed from module top_vga_basys3.
WARNING: [Synth 8-3332] Sequential element (u_top_vga/u_draw_rect_ctl/FSM_sequential_state_reg[0]) is unused and will be removed from module top_vga_basys3.

----IMPLEMENTATION----
CLEAR :)
